#
# There is insufficient memory for the Java Runtime Environment to continue.
# Native memory allocation (malloc) failed to allocate 368656 bytes for Chunk::new
# Possible reasons:
#   The system is out of physical RAM or swap space
#   The process is running with CompressedOops enabled, and the Java Heap may be blocking the growth of the native heap
# Possible solutions:
#   Reduce memory load on the system
#   Increase physical memory or swap space
#   Check if swap backing store is full
#   Decrease Java heap size (-Xmx/-Xms)
#   Decrease number of Java threads
#   Decrease Java thread stack sizes (-Xss)
#   Set larger code cache with -XX:ReservedCodeCacheSize=
#   JVM is running with Unscaled Compressed Oops mode in which the Java heap is
#     placed in the first 4GB address space. The Java Heap base address is the
#     maximum limit for the native heap growth. Please use -XX:HeapBaseMinAddress
#     to set the Java Heap base and to place the Java Heap above 4GB virtual address.
# This output file may be truncated or incomplete.
#
#  Out of Memory Error (./open/src/hotspot/share/memory/arena.cpp:195), pid=11236, tid=23440
#
# JRE version:  (14.0.2+12) (build )
# Java VM: Java HotSpot(TM) 64-Bit Server VM (14.0.2+12-46, mixed mode, tiered, compressed oops, g1 gc, windows-amd64)
# No core dump will be written. Minidumps are not enabled by default on client versions of Windows
#

---------------  S U M M A R Y ------------

Command Line: -Dfile.encoding=UTF-8 --module-path=C:\Users\admin\eclipse-workspace\.metadata\project\bin;C:\Users\admin\.p2\pool\plugins\org.eclipse.fx.ide.css.jfx8_3.8.0.202204150904.jar;C:\Users\admin\Downloads\file_program_dowload\openjfx-19_windows-x64_bin-sdk\javafx-sdk-19\lib\javafx.base.jar;C:\Users\admin\Downloads\file_program_dowload\openjfx-19_windows-x64_bin-sdk\javafx-sdk-19\lib\javafx.controls.jar;C:\Users\admin\Downloads\file_program_dowload\openjfx-19_windows-x64_bin-sdk\javafx-sdk-19\lib\javafx.fxml.jar;C:\Users\admin\Downloads\file_program_dowload\openjfx-19_windows-x64_bin-sdk\javafx-sdk-19\lib\javafx.graphics.jar;C:\Users\admin\Downloads\file_program_dowload\openjfx-19_windows-x64_bin-sdk\javafx-sdk-19\lib\javafx.media.jar;C:\Users\admin\Downloads\file_program_dowload\openjfx-19_windows-x64_bin-sdk\javafx-sdk-19\lib\javafx.swing.jar;C:\Users\admin\Downloads\file_program_dowload\openjfx-19_windows-x64_bin-sdk\javafx-sdk-19\lib\javafx.web.jar;C:\Users\admin\Downloads\file_program_dowload\openjfx-19_windows-x64_bin-sdk\javafx-sdk-19\lib\javafx-swt.jar -XX:+ShowCodeDetailsInExceptionMessages -Djdk.module.main=project project/application.Main

Host: Intel(R) Core(TM) i7-10870H CPU @ 2.20GHz, 16 cores, 7G,  Windows 10 , 64 bit Build 22621 (10.0.22621.1194)
Time: Wed Mar  1 00:28:43 2023 SE Asia Standard Time elapsed time: 0 seconds (0d 0h 0m 0s)

---------------  T H R E A D  ---------------

Current thread (0x0000023fdf32e000):  JavaThread "Unknown thread" [_thread_in_vm, id=23440, stack(0x000000f3c6500000,0x000000f3c6600000)]

Stack: [0x000000f3c6500000,0x000000f3c6600000]
Native frames: (J=compiled Java code, j=interpreted, Vv=VM code, C=native code)
V  [jvm.dll+0x5f8a9a]
V  [jvm.dll+0x74247a]
V  [jvm.dll+0x743c2f]
V  [jvm.dll+0x744273]
V  [jvm.dll+0x20d288]
V  [jvm.dll+0xabb07]
V  [jvm.dll+0xab833]
V  [jvm.dll+0x6c17e8]
V  [jvm.dll+0x71feb5]
V  [jvm.dll+0x321c14]
V  [jvm.dll+0x70112c]
V  [jvm.dll+0x392def]
V  [jvm.dll+0x394e61]
C  [jli.dll+0x524b]
C  [ucrtbase.dll+0x29363]
C  [KERNEL32.DLL+0x126bd]
C  [ntdll.dll+0x5dfb8]


---------------  P R O C E S S  ---------------

Threads class SMR info:
_java_thread_list=0x00007ffd26953038, length=0, elements={
}

Java Threads: ( => current thread )

Other Threads:
  0x0000023fdf371800 GCTaskThread "GC Thread#0" [stack: 0x000000f3c6600000,0x000000f3c6700000] [id=7036]
  0x0000023fdf383800 ConcurrentGCThread "G1 Main Marker" [stack: 0x000000f3c6700000,0x000000f3c6800000] [id=18552]
  0x0000023fdf384800 ConcurrentGCThread "G1 Conc#0" [stack: 0x000000f3c6800000,0x000000f3c6900000] [id=25516]
  0x0000023ffec6c800 ConcurrentGCThread "G1 Refine#0" [stack: 0x000000f3c6900000,0x000000f3c6a00000] [id=17028]
  0x0000023ffec6e800 ConcurrentGCThread "G1 Young RemSet Sampling" [stack: 0x000000f3c6a00000,0x000000f3c6b00000] [id=13252]

=>0x0000023fdf32e000 (exited) JavaThread "Unknown thread" [_thread_in_vm, id=23440, stack(0x000000f3c6500000,0x000000f3c6600000)]

Threads with active compile tasks:

VM state:not at safepoint (not fully initialized)

VM Mutex/Monitor currently owned by a thread: None

Heap address: 0x0000000083400000, size: 1996 MB, Compressed Oops mode: 32-bit
Narrow klass base: 0x0000000000000000, Narrow klass shift: 3
Compressed class space size: 1073741824 Address: 0x0000000100000000

GC Heap History (0 events):
No events

Deoptimization events (0 events):
No events

Classes unloaded (0 events):
No events

Classes redefined (0 events):
No events

Internal exceptions (0 events):
No events

Events (2 events):
Event: 0.005 Loaded shared library C:\Program Files\Java\jdk-14.0.2\bin\java.dll
Event: 0.005 Loaded shared library C:\Program Files\Java\jdk-14.0.2\bin\zip.dll


Dynamic libraries:
0x00007ff616890000 - 0x00007ff61689f000 	C:\Program Files\Java\jdk-14.0.2\bin\javaw.exe
0x00007ffdaf4b0000 - 0x00007ffdaf6c4000 	C:\WINDOWS\SYSTEM32\ntdll.dll
0x00007ffdad810000 - 0x00007ffdad8d3000 	C:\WINDOWS\System32\KERNEL32.DLL
0x00007ffdacd90000 - 0x00007ffdad12c000 	C:\WINDOWS\System32\KERNELBASE.dll
0x00007ffdacc70000 - 0x00007ffdacd81000 	C:\WINDOWS\System32\ucrtbase.dll
0x00007ffd980b0000 - 0x00007ffd980c5000 	C:\Program Files\Java\jdk-14.0.2\bin\VCRUNTIME140.dll
0x00007ffd98090000 - 0x00007ffd980a8000 	C:\Program Files\Java\jdk-14.0.2\bin\jli.dll
0x00007ffdae570000 - 0x00007ffdae61e000 	C:\WINDOWS\System32\ADVAPI32.dll
0x00007ffdaee10000 - 0x00007ffdaeeb7000 	C:\WINDOWS\System32\msvcrt.dll
0x00007ffdadce0000 - 0x00007ffdadd84000 	C:\WINDOWS\System32\sechost.dll
0x00007ffdadfd0000 - 0x00007ffdae0e5000 	C:\WINDOWS\System32\RPCRT4.dll
0x00007ffdad940000 - 0x00007ffdadaed000 	C:\WINDOWS\System32\USER32.dll
0x00007ffd8db00000 - 0x00007ffd8dd8e000 	C:\WINDOWS\WinSxS\amd64_microsoft.windows.common-controls_6595b64144ccf1df_6.0.22621.608_none_a9444ca7c10bb01d\COMCTL32.dll
0x00007ffdac8f0000 - 0x00007ffdac916000 	C:\WINDOWS\System32\win32u.dll
0x00007ffdadee0000 - 0x00007ffdadf09000 	C:\WINDOWS\System32\GDI32.dll
0x00007ffdad130000 - 0x00007ffdad242000 	C:\WINDOWS\System32\gdi32full.dll
0x00007ffdac920000 - 0x00007ffdac9ba000 	C:\WINDOWS\System32\msvcp_win.dll
0x00007ffda1450000 - 0x00007ffda145a000 	C:\WINDOWS\SYSTEM32\VERSION.dll
0x00007ffdad750000 - 0x00007ffdad782000 	C:\WINDOWS\System32\IMM32.DLL
0x00007ffd57ff0000 - 0x00007ffd5808b000 	C:\Program Files\Java\jdk-14.0.2\bin\msvcp140.dll
0x00007ffd25ed0000 - 0x00007ffd269ee000 	C:\Program Files\Java\jdk-14.0.2\bin\server\jvm.dll
0x00007ffdad5f0000 - 0x00007ffdad5f8000 	C:\WINDOWS\System32\PSAPI.DLL
0x00007ffda2ed0000 - 0x00007ffda2ed9000 	C:\WINDOWS\SYSTEM32\WSOCK32.dll
0x00007ffd96600000 - 0x00007ffd96634000 	C:\WINDOWS\SYSTEM32\WINMM.dll
0x00007ffdaeec0000 - 0x00007ffdaef31000 	C:\WINDOWS\System32\WS2_32.dll
0x00007ffdaba00000 - 0x00007ffdaba18000 	C:\WINDOWS\SYSTEM32\kernel.appcore.dll
0x00007ffd98f00000 - 0x00007ffd98f0a000 	C:\Program Files\Java\jdk-14.0.2\bin\jimage.dll
0x00007ffdaa290000 - 0x00007ffdaa4be000 	C:\WINDOWS\SYSTEM32\DBGHELP.DLL
0x00007ffdaf0e0000 - 0x00007ffdaf46a000 	C:\WINDOWS\System32\combase.dll
0x00007ffdad3f0000 - 0x00007ffdad4c7000 	C:\WINDOWS\System32\OLEAUT32.dll
0x00007ffda0cd0000 - 0x00007ffda0d02000 	C:\WINDOWS\SYSTEM32\dbgcore.DLL
0x00007ffdacb30000 - 0x00007ffdacbab000 	C:\WINDOWS\System32\bcryptPrimitives.dll
0x00007ffd98720000 - 0x00007ffd98745000 	C:\Program Files\Java\jdk-14.0.2\bin\java.dll
0x00007ffd98420000 - 0x00007ffd98436000 	C:\Program Files\Java\jdk-14.0.2\bin\zip.dll

dbghelp: loaded successfully - version: 4.0.5 - missing functions: none
symbol engine: initialized successfully - sym options: 0x614 - pdb path: .;C:\Program Files\Java\jdk-14.0.2\bin;C:\WINDOWS\SYSTEM32;C:\WINDOWS\WinSxS\amd64_microsoft.windows.common-controls_6595b64144ccf1df_6.0.22621.608_none_a9444ca7c10bb01d;C:\Program Files\Java\jdk-14.0.2\bin\server

VM Arguments:
jvm_args: -Dfile.encoding=UTF-8 --module-path=C:\Users\admin\eclipse-workspace\.metadata\project\bin;C:\Users\admin\.p2\pool\plugins\org.eclipse.fx.ide.css.jfx8_3.8.0.202204150904.jar;C:\Users\admin\Downloads\file_program_dowload\openjfx-19_windows-x64_bin-sdk\javafx-sdk-19\lib\javafx.base.jar;C:\Users\admin\Downloads\file_program_dowload\openjfx-19_windows-x64_bin-sdk\javafx-sdk-19\lib\javafx.controls.jar;C:\Users\admin\Downloads\file_program_dowload\openjfx-19_windows-x64_bin-sdk\javafx-sdk-19\lib\javafx.fxml.jar;C:\Users\admin\Downloads\file_program_dowload\openjfx-19_windows-x64_bin-sdk\javafx-sdk-19\lib\javafx.graphics.jar;C:\Users\admin\Downloads\file_program_dowload\openjfx-19_windows-x64_bin-sdk\javafx-sdk-19\lib\javafx.media.jar;C:\Users\admin\Downloads\file_program_dowload\openjfx-19_windows-x64_bin-sdk\javafx-sdk-19\lib\javafx.swing.jar;C:\Users\admin\Downloads\file_program_dowload\openjfx-19_windows-x64_bin-sdk\javafx-sdk-19\lib\javafx.web.jar;C:\Users\admin\Downloads\file_program_dowload\openjfx-19_windows-x64_bin-sdk\javafx-sdk-19\lib\javafx-swt.jar -XX:+ShowCodeDetailsInExceptionMessages -Djdk.module.main=project 
java_command: project/application.Main
java_class_path (initial): C:\Users\admin\Downloads\file_program_dowload\sqljdbc4.jar
Launcher Type: SUN_STANDARD

[Global flags]
     intx CICompilerCount                          = 12                                        {product} {ergonomic}
     uint ConcGCThreads                            = 3                                         {product} {ergonomic}
     uint G1ConcRefinementThreads                  = 13                                        {product} {ergonomic}
   size_t G1HeapRegionSize                         = 1048576                                   {product} {ergonomic}
    uintx GCDrainStackTargetSize                   = 64                                        {product} {ergonomic}
   size_t InitialHeapSize                          = 132120576                                 {product} {ergonomic}
   size_t MarkStackSize                            = 4194304                                   {product} {ergonomic}
   size_t MaxHeapSize                              = 2092957696                                {product} {ergonomic}
   size_t MaxNewSize                               = 1255145472                                {product} {ergonomic}
   size_t MinHeapDeltaBytes                        = 1048576                                   {product} {ergonomic}
   size_t MinHeapSize                              = 8388608                                   {product} {ergonomic}
    uintx NonNMethodCodeHeapSize                   = 7602480                                {pd product} {ergonomic}
    uintx NonProfiledCodeHeapSize                  = 122027880                              {pd product} {ergonomic}
    uintx ProfiledCodeHeapSize                     = 122027880                              {pd product} {ergonomic}
    uintx ReservedCodeCacheSize                    = 251658240                              {pd product} {ergonomic}
     bool SegmentedCodeCache                       = true                                      {product} {ergonomic}
     bool ShowCodeDetailsInExceptionMessages       = true                                   {manageable} {command line}
   size_t SoftMaxHeapSize                          = 2092957696                             {manageable} {ergonomic}
     bool UseCompressedClassPointers               = true                                 {lp64_product} {ergonomic}
     bool UseCompressedOops                        = true                                 {lp64_product} {ergonomic}
     bool UseG1GC                                  = true                                      {product} {ergonomic}
     bool UseLargePagesIndividualAllocation        = false                                  {pd product} {ergonomic}

Logging:
Log output configuration:
 #0: stdout all=warning uptime,level,tags
 #1: stderr all=off uptime,level,tags

Environment Variables:
PATH=C:/Program Files/Java/jdk-14.0.2/bin/server;C:/Program Files/Java/jdk-14.0.2/bin;C:\Program Files (x86)\Common Files\Oracle\Java\javapath;C:\Program Files\Microsoft MPI\Bin\;C:\Program Files (x86)\mingw-w64\x86_64-8.1.0-release-posix-seh-rt_v6-rev0\mingw64\bin;C:\WINDOWS;C:\WINDOWS\System32\Wbem;C:\WINDOWS\System32\WindowsPowerShell\v1.0\;C:\WINDOWS\System32\OpenSSH\;C:\Program Files\dotnet\;C:\WINDOWS\system32;C:\Program Files\Git\cmd;C:\Program Files\Java\jdk-14.0.2\bin;C:\Program Files\Azure Data Studio\bin;C:\Program Files (x86)\Microsoft SQL Server\150\Tools\Binn\;C:\Program Files\Microsoft SQL Server\150\Tools\Binn\;C:\Program Files (x86)\Microsoft SQL Server\150\DTS\Binn\;C:\Program Files\Microsoft SQL Server\150\DTS\Binn\;C:\Program Files\Microsoft SQL Server\Client SDK\ODBC\170\Tools\Binn\;C:\Users\admin\AppData\Local\Microsoft\WindowsApps;C:\Users\admin\AppData\Local\Programs\Microsoft VS Code\bin;C:\Users\admin\AppData\Local\GitHubDesktop\bin;C:\Program Files\Azure Data Studio\bin;C:\Program Files\Azure Data Studio\bin;C:\Users\admin\OneDrive\Desktop;
USERNAME=admin
OS=Windows_NT
PROCESSOR_IDENTIFIER=Intel64 Family 6 Model 165 Stepping 2, GenuineIntel



---------------  S Y S T E M  ---------------

OS: Windows 10 , 64 bit Build 22621 (10.0.22621.1194)
OS uptime: 4 days 12:44 hours
HyperV virtualization detected

CPU:total 16 (initial active 16) (8 cores per cpu, 2 threads per core) family 6 model 165 stepping 2, cmov, cx8, fxsr, mmx, sse, sse2, sse3, ssse3, sse4.1, sse4.2, popcnt, avx, avx2, aes, clmul, erms, 3dnowpref, lzcnt, ht, tsc, tscinvbit, bmi1, bmi2, adx, fma

Memory: 4k page, system-wide physical 7977M (520M free)
TotalPageFile size 15145M (AvailPageFile size 5M)
current process WorkingSet (physical memory assigned to process): 13M, peak: 13M
current process commit charge ("private bytes"): 202M, peak: 206M

vm_info: Java HotSpot(TM) 64-Bit Server VM (14.0.2+12-46) for windows-amd64 JRE (14.0.2+12-46), built on Jul  9 2020 00:35:52 by "mach5one" with MS VC++ 15.9 (VS2017)

END.
