#
# There is insufficient memory for the Java Runtime Environment to continue.
# Native memory allocation (malloc) failed to allocate 2125216 bytes for Chunk::new
# Possible reasons:
#   The system is out of physical RAM or swap space
#   The process is running with CompressedOops enabled, and the Java Heap may be blocking the growth of the native heap
# Possible solutions:
#   Reduce memory load on the system
#   Increase physical memory or swap space
#   Check if swap backing store is full
#   Decrease Java heap size (-Xmx/-Xms)
#   Decrease number of Java threads
#   Decrease Java thread stack sizes (-Xss)
#   Set larger code cache with -XX:ReservedCodeCacheSize=
#   JVM is running with Unscaled Compressed Oops mode in which the Java heap is
#     placed in the first 4GB address space. The Java Heap base address is the
#     maximum limit for the native heap growth. Please use -XX:HeapBaseMinAddress
#     to set the Java Heap base and to place the Java Heap above 4GB virtual address.
# This output file may be truncated or incomplete.
#
#  Out of Memory Error (./open/src/hotspot/share/memory/arena.cpp:195), pid=27404, tid=9424
#
# JRE version: Java(TM) SE Runtime Environment (14.0.2+12) (build 14.0.2+12-46)
# Java VM: Java HotSpot(TM) 64-Bit Server VM (14.0.2+12-46, mixed mode, sharing, tiered, compressed oops, g1 gc, windows-amd64)
# No core dump will be written. Minidumps are not enabled by default on client versions of Windows
#

---------------  S U M M A R Y ------------

Command Line: -Dfile.encoding=UTF-8 --module-path=C:\Users\admin\eclipse-workspace\.metadata\project\bin;C:\Users\admin\.p2\pool\plugins\org.eclipse.fx.ide.css.jfx8_3.8.0.202204150904.jar;C:\Users\admin\Downloads\file_program_dowload\openjfx-19_windows-x64_bin-sdk\javafx-sdk-19\lib\javafx.base.jar;C:\Users\admin\Downloads\file_program_dowload\openjfx-19_windows-x64_bin-sdk\javafx-sdk-19\lib\javafx.controls.jar;C:\Users\admin\Downloads\file_program_dowload\openjfx-19_windows-x64_bin-sdk\javafx-sdk-19\lib\javafx.fxml.jar;C:\Users\admin\Downloads\file_program_dowload\openjfx-19_windows-x64_bin-sdk\javafx-sdk-19\lib\javafx.graphics.jar;C:\Users\admin\Downloads\file_program_dowload\openjfx-19_windows-x64_bin-sdk\javafx-sdk-19\lib\javafx.media.jar;C:\Users\admin\Downloads\file_program_dowload\openjfx-19_windows-x64_bin-sdk\javafx-sdk-19\lib\javafx.swing.jar;C:\Users\admin\Downloads\file_program_dowload\openjfx-19_windows-x64_bin-sdk\javafx-sdk-19\lib\javafx.web.jar;C:\Users\admin\Downloads\file_program_dowload\openjfx-19_windows-x64_bin-sdk\javafx-sdk-19\lib\javafx-swt.jar -XX:+ShowCodeDetailsInExceptionMessages -Djdk.module.main=project project/application.Main

Host: Intel(R) Core(TM) i7-10870H CPU @ 2.20GHz, 16 cores, 7G,  Windows 10 , 64 bit Build 22621 (10.0.22621.1194)
Time: Wed Mar  1 00:27:41 2023 SE Asia Standard Time elapsed time: 13 seconds (0d 0h 0m 13s)

---------------  T H R E A D  ---------------

Current thread (0x0000014c03512000):  JavaThread "C2 CompilerThread1" daemon [_thread_in_native, id=9424, stack(0x000000480c100000,0x000000480c200000)]


Current CompileTask:
C2:  13699 5291   !   4       com.sun.javafx.css.StyleManager::findMatchingStyles (1267 bytes)

Stack: [0x000000480c100000,0x000000480c200000]
Native frames: (J=compiled Java code, j=interpreted, Vv=VM code, C=native code)
V  [jvm.dll+0x5f8a9a]
V  [jvm.dll+0x74247a]
V  [jvm.dll+0x743c2f]
V  [jvm.dll+0x744273]
V  [jvm.dll+0x20d288]
V  [jvm.dll+0xabb07]
V  [jvm.dll+0xac1fc]
V  [jvm.dll+0x31c495]
V  [jvm.dll+0x18ce00]
V  [jvm.dll+0x1e5efa]
V  [jvm.dll+0x1e50b8]
V  [jvm.dll+0x1779cc]
V  [jvm.dll+0x1f4105]
V  [jvm.dll+0x1f22eb]
V  [jvm.dll+0x7070cd]
V  [jvm.dll+0x6ffeda]
V  [jvm.dll+0x5f78f6]
C  [ucrtbase.dll+0x29363]
C  [KERNEL32.DLL+0x126bd]
C  [ntdll.dll+0x5dfb8]


---------------  P R O C E S S  ---------------

Threads class SMR info:
_java_thread_list=0x0000014c08d6bab0, length=22, elements={
0x0000014c62c2c000, 0x0000014c02726000, 0x0000014c02727000, 0x0000014c03062800,
0x0000014c03063800, 0x0000014c03064800, 0x0000014c0306d800, 0x0000014c03083800,
0x0000014c0308e800, 0x0000014c02709800, 0x0000014c031db000, 0x0000014c03761800,
0x0000014c033f5800, 0x0000014c037ff800, 0x0000014c038a4000, 0x0000014c038a5800,
0x0000014c038a5000, 0x0000014c038a2800, 0x0000014c038a6800, 0x0000014c03512000,
0x0000014c0360c800, 0x0000014c088b1800
}

Java Threads: ( => current thread )
  0x0000014c62c2c000 JavaThread "main" [_thread_blocked, id=8492, stack(0x000000480b000000,0x000000480b100000)]
  0x0000014c02726000 JavaThread "Reference Handler" daemon [_thread_blocked, id=27064, stack(0x000000480b700000,0x000000480b800000)]
  0x0000014c02727000 JavaThread "Finalizer" daemon [_thread_blocked, id=23288, stack(0x000000480b800000,0x000000480b900000)]
  0x0000014c03062800 JavaThread "Signal Dispatcher" daemon [_thread_blocked, id=15616, stack(0x000000480b900000,0x000000480ba00000)]
  0x0000014c03063800 JavaThread "Attach Listener" daemon [_thread_blocked, id=27508, stack(0x000000480ba00000,0x000000480bb00000)]
  0x0000014c03064800 JavaThread "Service Thread" daemon [_thread_blocked, id=15676, stack(0x000000480bb00000,0x000000480bc00000)]
  0x0000014c0306d800 JavaThread "C2 CompilerThread0" daemon [_thread_in_native, id=27204, stack(0x000000480bc00000,0x000000480bd00000)]
  0x0000014c03083800 JavaThread "C1 CompilerThread0" daemon [_thread_blocked, id=23932, stack(0x000000480bd00000,0x000000480be00000)]
  0x0000014c0308e800 JavaThread "Sweeper thread" daemon [_thread_blocked, id=23060, stack(0x000000480be00000,0x000000480bf00000)]
  0x0000014c02709800 JavaThread "Common-Cleaner" daemon [_thread_blocked, id=12992, stack(0x000000480bf00000,0x000000480c000000)]
  0x0000014c031db000 JavaThread "C1 CompilerThread1" daemon [_thread_blocked, id=8444, stack(0x000000480c000000,0x000000480c100000)]
  0x0000014c03761800 JavaThread "Notification Thread" daemon [_thread_blocked, id=14400, stack(0x000000480c500000,0x000000480c600000)]
  0x0000014c033f5800 JavaThread "QuantumRenderer-0" daemon [_thread_blocked, id=19424, stack(0x000000480c300000,0x000000480c400000)]
  0x0000014c037ff800 JavaThread "InvokeLaterDispatcher" daemon [_thread_blocked, id=22204, stack(0x000000480c400000,0x000000480c500000)]
  0x0000014c038a4000 JavaThread "JavaFX Application Thread" [_thread_in_native, id=5064, stack(0x000000480c700000,0x000000480c800000)]
  0x0000014c038a5800 JavaThread "Thread-1" daemon [_thread_in_native, id=4164, stack(0x000000480cb00000,0x000000480cc00000)]
  0x0000014c038a5000 JavaThread "JavaFX-Launcher" [_thread_blocked, id=26988, stack(0x000000480cc00000,0x000000480cd00000)]
  0x0000014c038a2800 JavaThread "Prism Font Disposer" daemon [_thread_blocked, id=5624, stack(0x000000480d700000,0x000000480d800000)]
  0x0000014c038a6800 JavaThread "Cleaner-0" daemon [_thread_blocked, id=27372, stack(0x000000480d900000,0x000000480da00000)]
=>0x0000014c03512000 JavaThread "C2 CompilerThread1" daemon [_thread_in_native, id=9424, stack(0x000000480c100000,0x000000480c200000)]
  0x0000014c0360c800 JavaThread "C1 CompilerThread2" daemon [_thread_blocked, id=17952, stack(0x000000480da00000,0x000000480db00000)]
  0x0000014c088b1800 JavaThread "C1 CompilerThread3" daemon [_thread_blocked, id=19472, stack(0x000000480db00000,0x000000480dc00000)]

Other Threads:
  0x0000014c02722000 VMThread "VM Thread" [stack: 0x000000480b600000,0x000000480b700000] [id=12512]
  0x0000014c03625000 WatcherThread [stack: 0x000000480c600000,0x000000480c700000] [id=20116]
  0x0000014c62c70000 GCTaskThread "GC Thread#0" [stack: 0x000000480b100000,0x000000480b200000] [id=17072]
  0x0000014c08668800 GCTaskThread "GC Thread#1" [stack: 0x000000480cd00000,0x000000480ce00000] [id=11620]
  0x0000014c03b54800 GCTaskThread "GC Thread#2" [stack: 0x000000480ce00000,0x000000480cf00000] [id=25440]
  0x0000014c03b55000 GCTaskThread "GC Thread#3" [stack: 0x000000480cf00000,0x000000480d000000] [id=26276]
  0x0000014c08647000 GCTaskThread "GC Thread#4" [stack: 0x000000480d000000,0x000000480d100000] [id=24800]
  0x0000014c086b1000 GCTaskThread "GC Thread#5" [stack: 0x000000480d100000,0x000000480d200000] [id=22668]
  0x0000014c62c82000 ConcurrentGCThread "G1 Main Marker" [stack: 0x000000480b200000,0x000000480b300000] [id=4040]
  0x0000014c62c83000 ConcurrentGCThread "G1 Conc#0" [stack: 0x000000480b300000,0x000000480b400000] [id=8848]
  0x0000014c086ae800 ConcurrentGCThread "G1 Conc#1" [stack: 0x000000480d200000,0x000000480d300000] [id=16448]
  0x0000014c086ad800 ConcurrentGCThread "G1 Conc#2" [stack: 0x000000480d300000,0x000000480d400000] [id=18092]
  0x0000014c02598800 ConcurrentGCThread "G1 Refine#0" [stack: 0x000000480b400000,0x000000480b500000] [id=23536]
  0x0000014c0259a000 ConcurrentGCThread "G1 Young RemSet Sampling" [stack: 0x000000480b500000,0x000000480b600000] [id=24608]

Threads with active compile tasks:
C2 CompilerThread0    13731 5156   !   4       javafx.scene.CssStyleHelper::transitionToState (1033 bytes)
C2 CompilerThread1    13731 5291   !   4       com.sun.javafx.css.StyleManager::findMatchingStyles (1267 bytes)

VM state:not at safepoint (normal execution)

VM Mutex/Monitor currently owned by a thread: None

Heap address: 0x0000000083400000, size: 1996 MB, Compressed Oops mode: 32-bit
Narrow klass base: 0x0000000800000000, Narrow klass shift: 3
Compressed class space size: 1073741824 Address: 0x0000000800b30000

Heap:
 garbage-first heap   total 102400K, used 64798K [0x0000000083400000, 0x0000000100000000)
  region size 1024K, 4 young (4096K), 2 survivors (2048K)
 Metaspace       used 29015K, capacity 30284K, committed 30384K, reserved 1075200K
  class space    used 4024K, capacity 4535K, committed 4608K, reserved 1048576K
Heap Regions: E=young(eden), S=young(survivor), O=old, HS=humongous(starts), HC=humongous(continues), CS=collection set, F=free, OA=open archive, CA=closed archive, TAMS=top-at-mark-start (previous, next)
|   0|0x0000000083400000, 0x0000000083500000, 0x0000000083500000|100%| O|  |TAMS 0x0000000083500000, 0x0000000083400000| Untracked 
|   1|0x0000000083500000, 0x0000000083600000, 0x0000000083600000|100%|HS|  |TAMS 0x0000000083600000, 0x0000000083500000| Complete 
|   2|0x0000000083600000, 0x0000000083700000, 0x0000000083700000|100%|HC|  |TAMS 0x0000000083700000, 0x0000000083600000| Complete 
|   3|0x0000000083700000, 0x0000000083800000, 0x0000000083800000|100%|HS|  |TAMS 0x0000000083800000, 0x0000000083700000| Complete 
|   4|0x0000000083800000, 0x0000000083900000, 0x0000000083900000|100%|HC|  |TAMS 0x0000000083900000, 0x0000000083800000| Complete 
|   5|0x0000000083900000, 0x0000000083a00000, 0x0000000083a00000|100%|HS|  |TAMS 0x0000000083a00000, 0x0000000083900000| Complete 
|   6|0x0000000083a00000, 0x0000000083b00000, 0x0000000083b00000|100%|HC|  |TAMS 0x0000000083b00000, 0x0000000083a00000| Complete 
|   7|0x0000000083b00000, 0x0000000083c00000, 0x0000000083c00000|100%| O|  |TAMS 0x0000000083c00000, 0x0000000083b00000| Untracked 
|   8|0x0000000083c00000, 0x0000000083cfc600, 0x0000000083d00000| 98%| O|  |TAMS 0x0000000083cfc600, 0x0000000083c00000| Untracked 
|   9|0x0000000083d00000, 0x0000000083e00000, 0x0000000083e00000|100%|HS|  |TAMS 0x0000000083e00000, 0x0000000083d00000| Complete 
|  10|0x0000000083e00000, 0x0000000083f00000, 0x0000000083f00000|100%|HC|  |TAMS 0x0000000083f00000, 0x0000000083e00000| Complete 
|  11|0x0000000083f00000, 0x0000000084000000, 0x0000000084000000|100%|HS|  |TAMS 0x0000000084000000, 0x0000000083f00000| Complete 
|  12|0x0000000084000000, 0x0000000084100000, 0x0000000084100000|100%|HC|  |TAMS 0x0000000084100000, 0x0000000084000000| Complete 
|  13|0x0000000084100000, 0x0000000084200000, 0x0000000084200000|100%|HS|  |TAMS 0x0000000084200000, 0x0000000084100000| Complete 
|  14|0x0000000084200000, 0x0000000084300000, 0x0000000084300000|100%|HC|  |TAMS 0x0000000084300000, 0x0000000084200000| Complete 
|  15|0x0000000084300000, 0x0000000084400000, 0x0000000084400000|100%| O|  |TAMS 0x0000000084400000, 0x0000000084300000| Untracked 
|  16|0x0000000084400000, 0x0000000084500000, 0x0000000084500000|100%| O|  |TAMS 0x0000000084500000, 0x0000000084400000| Untracked 
|  17|0x0000000084500000, 0x0000000084600000, 0x0000000084600000|100%| O|  |TAMS 0x0000000084600000, 0x0000000084500000| Untracked 
|  18|0x0000000084600000, 0x0000000084700000, 0x0000000084700000|100%| O|  |TAMS 0x0000000084700000, 0x0000000084600000| Untracked 
|  19|0x0000000084700000, 0x0000000084800000, 0x0000000084800000|100%|HS|  |TAMS 0x0000000084800000, 0x0000000084700000| Complete 
|  20|0x0000000084800000, 0x0000000084900000, 0x0000000084900000|100%|HC|  |TAMS 0x0000000084900000, 0x0000000084800000| Complete 
|  21|0x0000000084900000, 0x0000000084a00000, 0x0000000084a00000|100%|HC|  |TAMS 0x0000000084a00000, 0x0000000084900000| Complete 
|  22|0x0000000084a00000, 0x0000000084b00000, 0x0000000084b00000|100%|HC|  |TAMS 0x0000000084b00000, 0x0000000084a00000| Complete 
|  23|0x0000000084b00000, 0x0000000084c00000, 0x0000000084c00000|100%|HC|  |TAMS 0x0000000084c00000, 0x0000000084b00000| Complete 
|  24|0x0000000084c00000, 0x0000000084d00000, 0x0000000084d00000|100%|HC|  |TAMS 0x0000000084d00000, 0x0000000084c00000| Complete 
|  25|0x0000000084d00000, 0x0000000084e00000, 0x0000000084e00000|100%|HC|  |TAMS 0x0000000084e00000, 0x0000000084d00000| Complete 
|  26|0x0000000084e00000, 0x0000000084f00000, 0x0000000084f00000|100%|HC|  |TAMS 0x0000000084f00000, 0x0000000084e00000| Complete 
|  27|0x0000000084f00000, 0x0000000085000000, 0x0000000085000000|100%|HC|  |TAMS 0x0000000085000000, 0x0000000084f00000| Complete 
|  28|0x0000000085000000, 0x0000000085100000, 0x0000000085100000|100%|HC|  |TAMS 0x0000000085100000, 0x0000000085000000| Complete 
|  29|0x0000000085100000, 0x0000000085200000, 0x0000000085200000|100%|HC|  |TAMS 0x0000000085200000, 0x0000000085100000| Complete 
|  30|0x0000000085200000, 0x0000000085300000, 0x0000000085300000|100%|HC|  |TAMS 0x0000000085300000, 0x0000000085200000| Complete 
|  31|0x0000000085300000, 0x0000000085400000, 0x0000000085400000|100%|HC|  |TAMS 0x0000000085400000, 0x0000000085300000| Complete 
|  32|0x0000000085400000, 0x0000000085500000, 0x0000000085500000|100%|HC|  |TAMS 0x0000000085500000, 0x0000000085400000| Complete 
|  33|0x0000000085500000, 0x0000000085600000, 0x0000000085600000|100%|HC|  |TAMS 0x0000000085600000, 0x0000000085500000| Complete 
|  34|0x0000000085600000, 0x0000000085700000, 0x0000000085700000|100%| O|  |TAMS 0x0000000085700000, 0x0000000085600000| Untracked 
|  35|0x0000000085700000, 0x0000000085800000, 0x0000000085800000|100%|HS|  |TAMS 0x0000000085800000, 0x0000000085700000| Complete 
|  36|0x0000000085800000, 0x0000000085900000, 0x0000000085900000|100%|HC|  |TAMS 0x0000000085900000, 0x0000000085800000| Complete 
|  37|0x0000000085900000, 0x0000000085a00000, 0x0000000085a00000|100%|HC|  |TAMS 0x0000000085a00000, 0x0000000085900000| Complete 
|  38|0x0000000085a00000, 0x0000000085b00000, 0x0000000085b00000|100%| O|  |TAMS 0x0000000085b00000, 0x0000000085a00000| Untracked 
|  39|0x0000000085b00000, 0x0000000085c00000, 0x0000000085c00000|100%|HS|  |TAMS 0x0000000085c00000, 0x0000000085b00000| Complete 
|  40|0x0000000085c00000, 0x0000000085d00000, 0x0000000085d00000|100%|HC|  |TAMS 0x0000000085d00000, 0x0000000085c00000| Complete 
|  41|0x0000000085d00000, 0x0000000085e00000, 0x0000000085e00000|100%|HS|  |TAMS 0x0000000085e00000, 0x0000000085d00000| Complete 
|  42|0x0000000085e00000, 0x0000000085f00000, 0x0000000085f00000|100%|HC|  |TAMS 0x0000000085f00000, 0x0000000085e00000| Complete 
|  43|0x0000000085f00000, 0x0000000086000000, 0x0000000086000000|100%|HS|  |TAMS 0x0000000086000000, 0x0000000085f00000| Complete 
|  44|0x0000000086000000, 0x0000000086100000, 0x0000000086100000|100%|HC|  |TAMS 0x0000000086100000, 0x0000000086000000| Complete 
|  45|0x0000000086100000, 0x0000000086200000, 0x0000000086200000|100%| O|  |TAMS 0x0000000086200000, 0x0000000086100000| Untracked 
|  46|0x0000000086200000, 0x0000000086300000, 0x0000000086300000|100%| O|  |TAMS 0x0000000086300000, 0x0000000086200000| Untracked 
|  47|0x0000000086300000, 0x0000000086400000, 0x0000000086400000|100%| O|  |TAMS 0x0000000086400000, 0x0000000086300000| Untracked 
|  48|0x0000000086400000, 0x0000000086500000, 0x0000000086500000|100%| O|  |TAMS 0x000000008646d600, 0x0000000086400000| Untracked 
|  49|0x0000000086500000, 0x0000000086600000, 0x0000000086600000|100%| O|  |TAMS 0x0000000086500000, 0x0000000086500000| Untracked 
|  50|0x0000000086600000, 0x0000000086700000, 0x0000000086700000|100%| O|  |TAMS 0x0000000086600000, 0x0000000086600000| Untracked 
|  51|0x0000000086700000, 0x0000000086800000, 0x0000000086800000|100%| O|  |TAMS 0x0000000086700000, 0x0000000086700000| Untracked 
|  52|0x0000000086800000, 0x0000000086900000, 0x0000000086900000|100%| O|  |TAMS 0x0000000086800000, 0x0000000086800000| Untracked 
|  53|0x0000000086900000, 0x0000000086a00000, 0x0000000086a00000|100%| O|  |TAMS 0x0000000086900000, 0x0000000086900000| Untracked 
|  54|0x0000000086a00000, 0x0000000086b00000, 0x0000000086b00000|100%| O|  |TAMS 0x0000000086a00000, 0x0000000086a00000| Untracked 
|  55|0x0000000086b00000, 0x0000000086c00000, 0x0000000086c00000|100%| O|  |TAMS 0x0000000086b00000, 0x0000000086b00000| Untracked 
|  56|0x0000000086c00000, 0x0000000086d00000, 0x0000000086d00000|100%| O|  |TAMS 0x0000000086c00000, 0x0000000086c00000| Untracked 
|  57|0x0000000086d00000, 0x0000000086e00000, 0x0000000086e00000|100%| O|  |TAMS 0x0000000086d00000, 0x0000000086d00000| Untracked 
|  58|0x0000000086e00000, 0x0000000086f00000, 0x0000000086f00000|100%| O|  |TAMS 0x0000000086e00000, 0x0000000086e00000| Untracked 
|  59|0x0000000086f00000, 0x0000000087000000, 0x0000000087000000|100%| O|  |TAMS 0x0000000086f00000, 0x0000000086f00000| Untracked 
|  60|0x0000000087000000, 0x000000008704b400, 0x0000000087100000| 29%| O|  |TAMS 0x0000000087000000, 0x0000000087000000| Untracked 
|  61|0x0000000087100000, 0x0000000087100000, 0x0000000087200000|  0%| F|  |TAMS 0x0000000087100000, 0x0000000087100000| Untracked 
|  62|0x0000000087200000, 0x0000000087200000, 0x0000000087300000|  0%| F|  |TAMS 0x0000000087200000, 0x0000000087200000| Untracked 
|  63|0x0000000087300000, 0x0000000087300000, 0x0000000087400000|  0%| F|  |TAMS 0x0000000087300000, 0x0000000087300000| Untracked 
|  64|0x0000000087400000, 0x0000000087400000, 0x0000000087500000|  0%| F|  |TAMS 0x0000000087400000, 0x0000000087400000| Untracked 
|  65|0x0000000087500000, 0x0000000087500000, 0x0000000087600000|  0%| F|  |TAMS 0x0000000087500000, 0x0000000087500000| Untracked 
|  66|0x0000000087600000, 0x0000000087600000, 0x0000000087700000|  0%| F|  |TAMS 0x0000000087600000, 0x0000000087600000| Untracked 
|  67|0x0000000087700000, 0x0000000087700000, 0x0000000087800000|  0%| F|  |TAMS 0x0000000087700000, 0x0000000087700000| Untracked 
|  68|0x0000000087800000, 0x0000000087800000, 0x0000000087900000|  0%| F|  |TAMS 0x0000000087800000, 0x0000000087800000| Untracked 
|  69|0x0000000087900000, 0x0000000087900000, 0x0000000087a00000|  0%| F|  |TAMS 0x0000000087900000, 0x0000000087900000| Untracked 
|  70|0x0000000087a00000, 0x0000000087a00000, 0x0000000087b00000|  0%| F|  |TAMS 0x0000000087a00000, 0x0000000087a00000| Untracked 
|  71|0x0000000087b00000, 0x0000000087b00000, 0x0000000087c00000|  0%| F|  |TAMS 0x0000000087b00000, 0x0000000087b00000| Untracked 
|  72|0x0000000087c00000, 0x0000000087c00000, 0x0000000087d00000|  0%| F|  |TAMS 0x0000000087c00000, 0x0000000087c00000| Untracked 
|  73|0x0000000087d00000, 0x0000000087d00000, 0x0000000087e00000|  0%| F|  |TAMS 0x0000000087d00000, 0x0000000087d00000| Untracked 
|  74|0x0000000087e00000, 0x0000000087e00000, 0x0000000087f00000|  0%| F|  |TAMS 0x0000000087e00000, 0x0000000087e00000| Untracked 
|  75|0x0000000087f00000, 0x0000000087f00000, 0x0000000088000000|  0%| F|  |TAMS 0x0000000087f00000, 0x0000000087f00000| Untracked 
|  76|0x0000000088000000, 0x0000000088000000, 0x0000000088100000|  0%| F|  |TAMS 0x0000000088000000, 0x0000000088000000| Untracked 
|  77|0x0000000088100000, 0x0000000088100000, 0x0000000088200000|  0%| F|  |TAMS 0x0000000088100000, 0x0000000088100000| Untracked 
|  78|0x0000000088200000, 0x0000000088200000, 0x0000000088300000|  0%| F|  |TAMS 0x0000000088200000, 0x0000000088200000| Untracked 
|  79|0x0000000088300000, 0x0000000088300000, 0x0000000088400000|  0%| F|  |TAMS 0x0000000088300000, 0x0000000088300000| Untracked 
|  80|0x0000000088400000, 0x0000000088400000, 0x0000000088500000|  0%| F|  |TAMS 0x0000000088400000, 0x0000000088400000| Untracked 
|  81|0x0000000088500000, 0x0000000088500000, 0x0000000088600000|  0%| F|  |TAMS 0x0000000088500000, 0x0000000088500000| Untracked 
|  82|0x0000000088600000, 0x0000000088600000, 0x0000000088700000|  0%| F|  |TAMS 0x0000000088600000, 0x0000000088600000| Untracked 
|  83|0x0000000088700000, 0x0000000088700000, 0x0000000088800000|  0%| F|  |TAMS 0x0000000088700000, 0x0000000088700000| Untracked 
|  84|0x0000000088800000, 0x0000000088800000, 0x0000000088900000|  0%| F|  |TAMS 0x0000000088800000, 0x0000000088800000| Untracked 
|  85|0x0000000088900000, 0x0000000088900000, 0x0000000088a00000|  0%| F|  |TAMS 0x0000000088900000, 0x0000000088900000| Untracked 
|  86|0x0000000088a00000, 0x0000000088a00000, 0x0000000088b00000|  0%| F|  |TAMS 0x0000000088a00000, 0x0000000088a00000| Untracked 
|  87|0x0000000088b00000, 0x0000000088c00000, 0x0000000088c00000|100%| S|CS|TAMS 0x0000000088b00000, 0x0000000088b00000| Complete 
|  88|0x0000000088c00000, 0x0000000088d00000, 0x0000000088d00000|100%| S|CS|TAMS 0x0000000088c00000, 0x0000000088c00000| Complete 
|  89|0x0000000088d00000, 0x0000000088d00000, 0x0000000088e00000|  0%| F|  |TAMS 0x0000000088d00000, 0x0000000088d00000| Untracked 
|  90|0x0000000088e00000, 0x0000000088e00000, 0x0000000088f00000|  0%| F|  |TAMS 0x0000000088e00000, 0x0000000088e00000| Untracked 
|  91|0x0000000088f00000, 0x0000000088f00000, 0x0000000089000000|  0%| F|  |TAMS 0x0000000088f00000, 0x0000000088f00000| Untracked 
|  92|0x0000000089000000, 0x0000000089000000, 0x0000000089100000|  0%| F|  |TAMS 0x0000000089000000, 0x0000000089000000| Untracked 
| 108|0x000000008a000000, 0x000000008a000000, 0x000000008a100000|  0%| F|  |TAMS 0x000000008a000000, 0x000000008a000000| Untracked 
| 109|0x000000008a100000, 0x000000008a100000, 0x000000008a200000|  0%| F|  |TAMS 0x000000008a100000, 0x000000008a100000| Untracked 
| 110|0x000000008a200000, 0x000000008a200000, 0x000000008a300000|  0%| F|  |TAMS 0x000000008a200000, 0x000000008a200000| Untracked 
| 111|0x000000008a300000, 0x000000008a300000, 0x000000008a400000|  0%| F|  |TAMS 0x000000008a300000, 0x000000008a300000| Untracked 
| 112|0x000000008a400000, 0x000000008a400000, 0x000000008a500000|  0%| F|  |TAMS 0x000000008a400000, 0x000000008a400000| Untracked 
| 113|0x000000008a500000, 0x000000008a5151e8, 0x000000008a600000|  8%| E|  |TAMS 0x000000008a500000, 0x000000008a500000| Complete 
| 125|0x000000008b100000, 0x000000008b200000, 0x000000008b200000|100%| E|CS|TAMS 0x000000008b100000, 0x000000008b100000| Complete 

Card table byte_map: [0x0000014c7b050000,0x0000014c7b440000] _byte_map_base: 0x0000014c7ac36000

Marking Bits (Prev, Next): (CMBitMap*) 0x0000014c62c70c58, (CMBitMap*) 0x0000014c62c70c18
 Prev Bits: [0x0000014c7d760000, 0x0000014c7f690000)
 Next Bits: [0x0000014c7b830000, 0x0000014c7d760000)

Polling page: 0x0000014c60c30000

Metaspace:

Usage:
  Non-class:     25.15 MB capacity,    24.41 MB ( 97%) used,   616.01 KB (  2%) free+waste,   141.75 KB ( <1%) overhead. 
      Class:      4.43 MB capacity,     3.93 MB ( 89%) used,   439.57 KB ( 10%) free+waste,    70.75 KB (  2%) overhead. 
       Both:     29.57 MB capacity,    28.34 MB ( 96%) used,     1.03 MB (  3%) free+waste,   212.50 KB ( <1%) overhead. 

Virtual space:
  Non-class space:       26.00 MB reserved,      25.17 MB ( 97%) committed 
      Class space:        1.00 GB reserved,       4.50 MB ( <1%) committed 
             Both:        1.03 GB reserved,      29.67 MB (  3%) committed 

Chunk freelists:
   Non-Class:  27.00 KB
       Class:  9.00 KB
        Both:  36.00 KB

MaxMetaspaceSize: 17179869184.00 GB
CompressedClassSpaceSize: 1.00 GB

CodeHeap 'non-profiled nmethods': size=119168Kb used=2189Kb max_used=2189Kb free=116978Kb
 bounds [0x0000014c72f70000, 0x0000014c731e0000, 0x0000014c7a3d0000]
CodeHeap 'profiled nmethods': size=119104Kb used=13613Kb max_used=13613Kb free=105490Kb
 bounds [0x0000014c6bb20000, 0x0000014c6c870000, 0x0000014c72f70000]
CodeHeap 'non-nmethods': size=7488Kb used=3220Kb max_used=3270Kb free=4267Kb
 bounds [0x0000014c6b3d0000, 0x0000014c6b710000, 0x0000014c6bb20000]
 total_blobs=6586 nmethods=5709 adapters=784
 compilation: enabled
              stopped_count=0, restarted_count=0
 full_count=0

Compilation events (20 events):
Event: 13.457 Thread 0x0000014c088b1800 nmethod 5752 0x0000014c73193210 code [0x0000014c731933a0, 0x0000014c73193478]
Event: 13.457 Thread 0x0000014c031db000 nmethod 5753 0x0000014c6c85f310 code [0x0000014c6c85f500, 0x0000014c6c85f7b8]
Event: 13.458 Thread 0x0000014c031db000 5754       2       com.sun.prism.d3d.D3DContext::adjustClipSpace (84 bytes)
Event: 13.458 Thread 0x0000014c088b1800 5755       2       com.sun.prism.impl.VertexBuffer::addQuad (444 bytes)
Event: 13.458 Thread 0x0000014c031db000 nmethod 5754 0x0000014c6c85f990 code [0x0000014c6c85fba0, 0x0000014c6c8600a8]
Event: 13.458 Thread 0x0000014c088b1800 nmethod 5755 0x0000014c6c860310 code [0x0000014c6c860500, 0x0000014c6c860c58]
Event: 13.459 Thread 0x0000014c0360c800 5756       2       com.sun.prism.impl.ps.BaseShaderContext::getSpecialShader (113 bytes)
Event: 13.460 Thread 0x0000014c03083800 5757       2       com.sun.javafx.geom.transform.Affine3D::<init> (20 bytes)
Event: 13.460 Thread 0x0000014c03083800 nmethod 5757 0x0000014c6c861190 code [0x0000014c6c861320, 0x0000014c6c861458]
Event: 13.460 Thread 0x0000014c03083800 5758       2       com.sun.javafx.sg.prism.NGDefaultCamera::validate (71 bytes)
Event: 13.460 Thread 0x0000014c0360c800 nmethod 5756 0x0000014c6c861510 code [0x0000014c6c861700, 0x0000014c6c861b88]
Event: 13.461 Thread 0x0000014c03083800 nmethod 5758 0x0000014c6c861e10 code [0x0000014c6c861fe0, 0x0000014c6c8621e8]
Event: 13.461 Thread 0x0000014c03083800 5759       2       com.sun.javafx.sg.prism.NGRegion::getNormalizedStrokeRadii (43 bytes)
Event: 13.462 Thread 0x0000014c03083800 nmethod 5759 0x0000014c6c862310 code [0x0000014c6c8624c0, 0x0000014c6c8626d8]
Event: 13.462 Thread 0x0000014c0360c800 5761       2       com.sun.javafx.sg.prism.NGRegion::renderBorderRectangle (2679 bytes)
Event: 13.462 Thread 0x0000014c031db000 5762       2       com.sun.javafx.PlatformUtil::isEmbedded (4 bytes)
Event: 13.462 Thread 0x0000014c031db000 nmethod 5762 0x0000014c6c862810 code [0x0000014c6c8629a0, 0x0000014c6c862a78]
Event: 13.473 Thread 0x0000014c0360c800 nmethod 5761 0x0000014c6c862b10 code [0x0000014c6c8634e0, 0x0000014c6c867e58]
Event: 13.678 Thread 0x0000014c0360c800 5764       2       javafx.application.Platform::isSupported (5 bytes)
Event: 13.678 Thread 0x0000014c0360c800 nmethod 5764 0x0000014c6c86b210 code [0x0000014c6c86b3a0, 0x0000014c6c86b488]

GC Heap History (20 events):
Event: 10.344 GC heap before
{Heap before GC invocations=2 (full 0):
 garbage-first heap   total 129024K, used 24102K [0x0000000083400000, 0x0000000100000000)
  region size 1024K, 16 young (16384K), 4 survivors (4096K)
 Metaspace       used 20430K, capacity 21147K, committed 21296K, reserved 1067008K
  class space    used 2840K, capacity 3125K, committed 3200K, reserved 1048576K
}
Event: 10.348 GC heap after
{Heap after GC invocations=3 (full 0):
 garbage-first heap   total 129024K, used 14582K [0x0000000083400000, 0x0000000100000000)
  region size 1024K, 6 young (6144K), 6 survivors (6144K)
 Metaspace       used 20430K, capacity 21147K, committed 21296K, reserved 1067008K
  class space    used 2840K, capacity 3125K, committed 3200K, reserved 1048576K
}
Event: 11.972 GC heap before
{Heap before GC invocations=4 (full 0):
 garbage-first heap   total 55296K, used 29942K [0x0000000083400000, 0x0000000100000000)
  region size 1024K, 16 young (16384K), 6 survivors (6144K)
 Metaspace       used 23652K, capacity 24377K, committed 24496K, reserved 1071104K
  class space    used 3268K, capacity 3577K, committed 3584K, reserved 1048576K
}
Event: 11.984 GC heap after
{Heap after GC invocations=5 (full 0):
 garbage-first heap   total 55296K, used 21695K [0x0000000083400000, 0x0000000100000000)
  region size 1024K, 3 young (3072K), 3 survivors (3072K)
 Metaspace       used 23652K, capacity 24377K, committed 24496K, reserved 1071104K
  class space    used 3268K, capacity 3577K, committed 3584K, reserved 1048576K
}
Event: 12.093 GC heap before
{Heap before GC invocations=6 (full 0):
 garbage-first heap   total 63488K, used 37055K [0x0000000083400000, 0x0000000100000000)
  region size 1024K, 4 young (4096K), 3 survivors (3072K)
 Metaspace       used 23687K, capacity 24441K, committed 24496K, reserved 1071104K
  class space    used 3268K, capacity 3577K, committed 3584K, reserved 1048576K
}
Event: 12.099 GC heap after
{Heap after GC invocations=7 (full 0):
 garbage-first heap   total 63488K, used 37100K [0x0000000083400000, 0x0000000100000000)
  region size 1024K, 2 young (2048K), 2 survivors (2048K)
 Metaspace       used 23687K, capacity 24441K, committed 24496K, reserved 1071104K
  class space    used 3268K, capacity 3577K, committed 3584K, reserved 1048576K
}
Event: 12.126 GC heap before
{Heap before GC invocations=8 (full 0):
 garbage-first heap   total 71680K, used 40172K [0x0000000083400000, 0x0000000100000000)
  region size 1024K, 3 young (3072K), 2 survivors (2048K)
 Metaspace       used 23734K, capacity 24506K, committed 24752K, reserved 1071104K
  class space    used 3268K, capacity 3577K, committed 3584K, reserved 1048576K
}
Event: 12.128 GC heap after
{Heap after GC invocations=9 (full 0):
 garbage-first heap   total 71680K, used 40085K [0x0000000083400000, 0x0000000100000000)
  region size 1024K, 1 young (1024K), 1 survivors (1024K)
 Metaspace       used 23734K, capacity 24506K, committed 24752K, reserved 1071104K
  class space    used 3268K, capacity 3577K, committed 3584K, reserved 1048576K
}
Event: 12.158 GC heap before
{Heap before GC invocations=10 (full 0):
 garbage-first heap   total 73728K, used 44181K [0x0000000083400000, 0x0000000100000000)
  region size 1024K, 2 young (2048K), 1 survivors (1024K)
 Metaspace       used 23747K, capacity 24521K, committed 24752K, reserved 1071104K
  class space    used 3270K, capacity 3580K, committed 3584K, reserved 1048576K
}
Event: 12.160 GC heap after
{Heap after GC invocations=11 (full 0):
 garbage-first heap   total 73728K, used 44209K [0x0000000083400000, 0x0000000100000000)
  region size 1024K, 2 young (2048K), 2 survivors (2048K)
 Metaspace       used 23747K, capacity 24521K, committed 24752K, reserved 1071104K
  class space    used 3270K, capacity 3580K, committed 3584K, reserved 1048576K
}
Event: 12.399 GC heap before
{Heap before GC invocations=12 (full 0):
 garbage-first heap   total 81920K, used 59569K [0x0000000083400000, 0x0000000100000000)
  region size 1024K, 16 young (16384K), 2 survivors (2048K)
 Metaspace       used 25117K, capacity 26001K, committed 26160K, reserved 1071104K
  class space    used 3554K, capacity 3932K, committed 3968K, reserved 1048576K
}
Event: 12.403 GC heap after
{Heap after GC invocations=13 (full 0):
 garbage-first heap   total 81920K, used 47604K [0x0000000083400000, 0x0000000100000000)
  region size 1024K, 2 young (2048K), 2 survivors (2048K)
 Metaspace       used 25117K, capacity 26001K, committed 26160K, reserved 1071104K
  class space    used 3554K, capacity 3932K, committed 3968K, reserved 1048576K
}
Event: 12.624 GC heap before
{Heap before GC invocations=13 (full 0):
 garbage-first heap   total 81920K, used 66036K [0x0000000083400000, 0x0000000100000000)
  region size 1024K, 21 young (21504K), 2 survivors (2048K)
 Metaspace       used 25423K, capacity 26277K, committed 26416K, reserved 1071104K
  class space    used 3578K, capacity 3936K, committed 3968K, reserved 1048576K
}
Event: 12.630 GC heap after
{Heap after GC invocations=14 (full 0):
 garbage-first heap   total 81920K, used 50465K [0x0000000083400000, 0x0000000100000000)
  region size 1024K, 3 young (3072K), 3 survivors (3072K)
 Metaspace       used 25423K, capacity 26277K, committed 26416K, reserved 1071104K
  class space    used 3578K, capacity 3936K, committed 3968K, reserved 1048576K
}
Event: 12.906 GC heap before
{Heap before GC invocations=15 (full 0):
 garbage-first heap   total 89088K, used 65825K [0x0000000083400000, 0x0000000100000000)
  region size 1024K, 18 young (18432K), 3 survivors (3072K)
 Metaspace       used 27200K, capacity 28327K, committed 28464K, reserved 1073152K
  class space    used 3904K, capacity 4369K, committed 4480K, reserved 1048576K
}
Event: 12.910 GC heap after
{Heap after GC invocations=16 (full 0):
 garbage-first heap   total 89088K, used 52647K [0x0000000083400000, 0x0000000100000000)
  region size 1024K, 3 young (3072K), 3 survivors (3072K)
 Metaspace       used 27200K, capacity 28327K, committed 28464K, reserved 1073152K
  class space    used 3904K, capacity 4369K, committed 4480K, reserved 1048576K
}
Event: 13.146 GC heap before
{Heap before GC invocations=16 (full 0):
 garbage-first heap   total 89088K, used 72103K [0x0000000083400000, 0x0000000100000000)
  region size 1024K, 22 young (22528K), 3 survivors (3072K)
 Metaspace       used 28139K, capacity 29341K, committed 29488K, reserved 1075200K
  class space    used 3974K, capacity 4463K, committed 4480K, reserved 1048576K
}
Event: 13.153 GC heap after
{Heap after GC invocations=17 (full 0):
 garbage-first heap   total 89088K, used 59290K [0x0000000083400000, 0x0000000100000000)
  region size 1024K, 3 young (3072K), 3 survivors (3072K)
 Metaspace       used 28139K, capacity 29341K, committed 29488K, reserved 1075200K
  class space    used 3974K, capacity 4463K, committed 4480K, reserved 1048576K
}
Event: 13.370 GC heap before
{Heap before GC invocations=18 (full 0):
 garbage-first heap   total 102400K, used 70554K [0x0000000083400000, 0x0000000100000000)
  region size 1024K, 14 young (14336K), 3 survivors (3072K)
 Metaspace       used 28747K, capacity 29983K, committed 30128K, reserved 1075200K
  class space    used 4001K, capacity 4500K, committed 4608K, reserved 1048576K
}
Event: 13.376 GC heap after
{Heap after GC invocations=19 (full 0):
 garbage-first heap   total 102400K, used 63774K [0x0000000083400000, 0x0000000100000000)
  region size 1024K, 2 young (2048K), 2 survivors (2048K)
 Metaspace       used 28747K, capacity 29983K, committed 30128K, reserved 1075200K
  class space    used 4001K, capacity 4500K, committed 4608K, reserved 1048576K
}

Deoptimization events (20 events):
Event: 13.065 Thread 0x0000014c038a4000 DEOPT PACKING pc=0x0000014c73164fc8 sp=0x000000480c7fa790
Event: 13.065 Thread 0x0000014c038a4000 DEOPT UNPACKING pc=0x0000014c6b41912f sp=0x000000480c7fa718 mode 2
Event: 13.222 Thread 0x0000014c038a4000 DEOPT PACKING pc=0x0000014c6bea20e4 sp=0x000000480c7fd130
Event: 13.222 Thread 0x0000014c038a4000 DEOPT UNPACKING pc=0x0000014c6b41964e sp=0x000000480c7fc5f8 mode 0
Event: 13.222 Thread 0x0000014c038a4000 DEOPT PACKING pc=0x0000014c6bea20e4 sp=0x000000480c7fd9d0
Event: 13.222 Thread 0x0000014c038a4000 DEOPT UNPACKING pc=0x0000014c6b41964e sp=0x000000480c7fce98 mode 0
Event: 13.319 Thread 0x0000014c033f5800 DEOPT PACKING pc=0x0000014c6c18589d sp=0x000000480c3fd250
Event: 13.319 Thread 0x0000014c033f5800 DEOPT UNPACKING pc=0x0000014c6b41964e sp=0x000000480c3fc808 mode 0
Event: 13.336 Thread 0x0000014c033f5800 DEOPT PACKING pc=0x0000014c6bed423f sp=0x000000480c3fd4e0
Event: 13.336 Thread 0x0000014c033f5800 DEOPT UNPACKING pc=0x0000014c6b41964e sp=0x000000480c3fc970 mode 0
Event: 13.337 Thread 0x0000014c033f5800 DEOPT PACKING pc=0x0000014c6c81e601 sp=0x000000480c3fd3c0
Event: 13.337 Thread 0x0000014c033f5800 DEOPT UNPACKING pc=0x0000014c6b41964e sp=0x000000480c3fc7f8 mode 0
Event: 13.406 Thread 0x0000014c033f5800 DEOPT PACKING pc=0x0000014c6bed423f sp=0x000000480c3fc7d0
Event: 13.406 Thread 0x0000014c033f5800 DEOPT UNPACKING pc=0x0000014c6b41964e sp=0x000000480c3fbc60 mode 0
Event: 13.451 Thread 0x0000014c033f5800 Uncommon trap: trap_request=0xffffff45 fr.pc=0x0000014c73050d38 relative=0x0000000000000098
Event: 13.451 Thread 0x0000014c033f5800 Uncommon trap: reason=unstable_if action=reinterpret pc=0x0000014c73050d38 method=com.sun.javafx.geom.RectBounds.isEmpty()Z @ 21 c2
Event: 13.451 Thread 0x0000014c033f5800 DEOPT PACKING pc=0x0000014c73050d38 sp=0x000000480c3fac70
Event: 13.451 Thread 0x0000014c033f5800 DEOPT UNPACKING pc=0x0000014c6b41912f sp=0x000000480c3fac00 mode 2
Event: 13.454 Thread 0x0000014c033f5800 DEOPT PACKING pc=0x0000014c6c81e68f sp=0x000000480c3fc600
Event: 13.454 Thread 0x0000014c033f5800 DEOPT UNPACKING pc=0x0000014c6b41964e sp=0x000000480c3fba38 mode 0

Classes unloaded (0 events):
No events

Classes redefined (0 events):
No events

Internal exceptions (20 events):
Event: 1.775 Thread 0x0000014c038a4000 Exception <a 'java/lang/NoSuchMethodError'{0x000000008947cc60}: 'long java.lang.invoke.DirectMethodHandle$Holder.invokeStaticInit(java.lang.Object, java.lang.Object, java.lang.Object)'> (0x000000008947cc60) 
thrown [./open/src/hotspot/share/interpreter/linkResolver.cpp, line 766]
Event: 1.778 Thread 0x0000014c038a4000 Exception <a 'java/lang/NoSuchMethodError'{0x0000000089490f30}: 'java.lang.Object java.lang.invoke.Invokers$Holder.linkToTargetMethod(java.lang.Object, long, java.lang.Object)'> (0x0000000089490f30) 
thrown [./open/src/hotspot/share/interpreter/linkResolver.cpp, line 766]
Event: 3.534 Thread 0x0000014c038a4000 Exception <a 'java/lang/NoSuchMethodError'{0x000000008b0a4a08}: 'java.lang.Object java.lang.invoke.DirectMethodHandle$Holder.invokeStatic(java.lang.Object, java.lang.Object, java.lang.Object, int, java.lang.Object, java.lang.Object, java.lang.Object, int)'> (0x000000008b0a4a08) 
thrown [./open/src/hotspot/share/interpreter/linkResolver.cpp, line 766]
Event: 10.145 Thread 0x0000014c038a4000 Exception <a 'sun/nio/fs/WindowsException'{0x000000008ab4b3e8}> (0x000000008ab4b3e8) 
thrown [./open/src/hotspot/share/prims/jni.cpp, line 599]
Event: 10.147 Thread 0x0000014c038a4000 Exception <a 'sun/nio/fs/WindowsException'{0x000000008ab52b08}> (0x000000008ab52b08) 
thrown [./open/src/hotspot/share/prims/jni.cpp, line 599]
Event: 10.147 Thread 0x0000014c038a4000 Exception <a 'sun/nio/fs/WindowsException'{0x000000008ab568e8}> (0x000000008ab568e8) 
thrown [./open/src/hotspot/share/prims/jni.cpp, line 599]
Event: 10.151 Thread 0x0000014c038a4000 Exception <a 'sun/nio/fs/WindowsException'{0x000000008ab65a70}> (0x000000008ab65a70) 
thrown [./open/src/hotspot/share/prims/jni.cpp, line 599]
Event: 10.192 Thread 0x0000014c038a4000 Exception <a 'java/lang/ClassNotFoundException'{0x000000008aab5138}: jdk/net/ExtendedSocketOptions> (0x000000008aab5138) 
thrown [./open/src/hotspot/share/classfile/systemDictionary.cpp, line 226]
Event: 10.219 Thread 0x0000014c038a4000 Exception <a 'java/lang/NoSuchMethodError'{0x000000008a935640}: 'java.lang.Object java.lang.invoke.DirectMethodHandle$Holder.invokeStaticInit(java.lang.Object, int, int, int, int)'> (0x000000008a935640) 
thrown [./open/src/hotspot/share/interpreter/linkResolver.cpp, line 766]
Event: 10.221 Thread 0x0000014c038a4000 Exception <a 'sun/nio/fs/WindowsException'{0x000000008a93b110}> (0x000000008a93b110) 
thrown [./open/src/hotspot/share/prims/jni.cpp, line 599]
Event: 10.227 Thread 0x0000014c038a4000 Exception <a 'sun/nio/fs/WindowsException'{0x000000008a9519c8}> (0x000000008a9519c8) 
thrown [./open/src/hotspot/share/prims/jni.cpp, line 599]
Event: 10.233 Thread 0x0000014c038a4000 Exception <a 'java/lang/NoSuchMethodError'{0x000000008a960c18}: 'int java.lang.invoke.DirectMethodHandle$Holder.invokeStaticInit(java.lang.Object, java.lang.Object, java.lang.Object, java.lang.Object)'> (0x000000008a960c18) 
thrown [./open/src/hotspot/share/interpreter/linkResolver.cpp, line 766]
Event: 10.233 Thread 0x0000014c038a4000 Exception <a 'java/lang/IncompatibleClassChangeError'{0x000000008a9694d8}: Found class java.lang.Object, but interface was expected> (0x000000008a9694d8) 
thrown [./open/src/hotspot/share/interpreter/linkResolver.cpp, line 832]
Event: 10.296 Thread 0x0000014c038a4000 Exception <a 'java/lang/NoSuchMethodError'{0x000000008a678920}: 'java.lang.Object java.lang.invoke.DirectMethodHandle$Holder.invokeStaticInit(java.lang.Object, java.lang.Object, int, int, int, int)'> (0x000000008a678920) 
thrown [./open/src/hotspot/share/interpreter/linkResolver.cpp, line 766]
Event: 12.679 Thread 0x0000014c038a4000 Exception <a 'java/io/FileNotFoundException'{0x000000008a25ac48}> (0x000000008a25ac48) 
thrown [./open/src/hotspot/share/prims/jni.cpp, line 599]
Event: 12.692 Thread 0x0000014c038a4000 Exception <a 'java/lang/ClassNotFoundException'{0x000000008a121fc8}: com/sun/javafx/scene/control/skin/resources/controls-nt> (0x000000008a121fc8) 
thrown [./open/src/hotspot/share/prims/jni.cpp, line 620]
Event: 12.692 Thread 0x0000014c038a4000 Exception <a 'java/lang/ClassNotFoundException'{0x000000008a12ab28}: com/sun/javafx/scene/control/skin/resources/controls-nt_en> (0x000000008a12ab28) 
thrown [./open/src/hotspot/share/prims/jni.cpp, line 620]
Event: 12.692 Thread 0x0000014c038a4000 Exception <a 'java/lang/ClassNotFoundException'{0x000000008a12c2b0}: com/sun/javafx/scene/control/skin/resources/controls-nt_en_US> (0x000000008a12c2b0) 
thrown [./open/src/hotspot/share/prims/jni.cpp, line 620]
Event: 12.903 Thread 0x0000014c038a4000 Exception <a 'java/lang/NoSuchMethodError'{0x0000000087cbbba8}: 'void java.lang.invoke.DirectMethodHandle$Holder.invokeSpecialIFC(java.lang.Object, java.lang.Object, java.lang.Object, java.lang.Object)'> (0x0000000087cbbba8) 
thrown [./open/src/hotspot/share/interpreter/linkResolver.cpp, line 766]
Event: 13.367 Thread 0x0000014c033f5800 Exception <a 'java/lang/NoSuchMethodError'{0x0000000088dd3838}: 'java.lang.Object java.lang.invoke.DirectMethodHandle$Holder.invokeStaticInit(java.lang.Object, int)'> (0x0000000088dd3838) 
thrown [./open/src/hotspot/share/interpreter/linkResolver.cpp, line 766]

Events (20 events):
Event: 13.167 Executing VM operation: G1Concurrent done
Event: 13.174 Executing VM operation: G1Concurrent
Event: 13.174 Executing VM operation: G1Concurrent done
Event: 13.312 Loaded shared library C:\Users\admin\Downloads\file_program_dowload\openjfx-19_windows-x64_bin-sdk\javafx-sdk-19\bin\prism_d3d.dll
Event: 13.323 Loaded shared library C:\Users\admin\Downloads\file_program_dowload\openjfx-19_windows-x64_bin-sdk\javafx-sdk-19\bin\prism_d3d.dll
Event: 13.332 Loaded shared library C:\Users\admin\Downloads\file_program_dowload\openjfx-19_windows-x64_bin-sdk\javafx-sdk-19\bin\prism_d3d.dll
Event: 13.367 Executing VM operation: HandshakeOneThread
Event: 13.367 Executing VM operation: HandshakeOneThread done
Event: 13.370 Executing VM operation: G1CollectForAllocation
Event: 13.376 Executing VM operation: G1CollectForAllocation done
Event: 13.423 Executing VM operation: HandshakeAllThreads
Event: 13.423 Executing VM operation: HandshakeAllThreads done
Event: 13.429 Loaded shared library C:\Users\admin\Downloads\file_program_dowload\openjfx-19_windows-x64_bin-sdk\javafx-sdk-19\bin\prism_d3d.dll
Event: 13.433 Loaded shared library C:\Users\admin\Downloads\file_program_dowload\openjfx-19_windows-x64_bin-sdk\javafx-sdk-19\bin\prism_d3d.dll
Event: 13.443 Loaded shared library C:\Users\admin\Downloads\file_program_dowload\openjfx-19_windows-x64_bin-sdk\javafx-sdk-19\bin\prism_d3d.dll
Event: 13.449 Loaded shared library C:\Users\admin\Downloads\file_program_dowload\openjfx-19_windows-x64_bin-sdk\javafx-sdk-19\bin\prism_d3d.dll
Event: 13.481 Executing VM operation: HandshakeOneThread
Event: 13.481 Executing VM operation: HandshakeOneThread done
Event: 13.481 Executing VM operation: HandshakeOneThread
Event: 13.481 Executing VM operation: HandshakeOneThread done


Dynamic libraries:
0x00007ff6d7740000 - 0x00007ff6d774f000 	C:\Program Files\Java\jdk-14.0.2\bin\javaw.exe
0x00007ffdaf4b0000 - 0x00007ffdaf6c4000 	C:\WINDOWS\SYSTEM32\ntdll.dll
0x00007ffdad810000 - 0x00007ffdad8d3000 	C:\WINDOWS\System32\KERNEL32.DLL
0x00007ffdacd90000 - 0x00007ffdad12c000 	C:\WINDOWS\System32\KERNELBASE.dll
0x00007ffdacc70000 - 0x00007ffdacd81000 	C:\WINDOWS\System32\ucrtbase.dll
0x00007ffda6700000 - 0x00007ffda6715000 	C:\Program Files\Java\jdk-14.0.2\bin\VCRUNTIME140.dll
0x00007ffd98af0000 - 0x00007ffd98b08000 	C:\Program Files\Java\jdk-14.0.2\bin\jli.dll
0x00007ffdae570000 - 0x00007ffdae61e000 	C:\WINDOWS\System32\ADVAPI32.dll
0x00007ffdaee10000 - 0x00007ffdaeeb7000 	C:\WINDOWS\System32\msvcrt.dll
0x00007ffdadce0000 - 0x00007ffdadd84000 	C:\WINDOWS\System32\sechost.dll
0x00007ffdadfd0000 - 0x00007ffdae0e5000 	C:\WINDOWS\System32\RPCRT4.dll
0x00007ffdad940000 - 0x00007ffdadaed000 	C:\WINDOWS\System32\USER32.dll
0x00007ffd8db00000 - 0x00007ffd8dd8e000 	C:\WINDOWS\WinSxS\amd64_microsoft.windows.common-controls_6595b64144ccf1df_6.0.22621.608_none_a9444ca7c10bb01d\COMCTL32.dll
0x00007ffdac8f0000 - 0x00007ffdac916000 	C:\WINDOWS\System32\win32u.dll
0x00007ffdadee0000 - 0x00007ffdadf09000 	C:\WINDOWS\System32\GDI32.dll
0x00007ffdad130000 - 0x00007ffdad242000 	C:\WINDOWS\System32\gdi32full.dll
0x00007ffdac920000 - 0x00007ffdac9ba000 	C:\WINDOWS\System32\msvcp_win.dll
0x00007ffda1450000 - 0x00007ffda145a000 	C:\WINDOWS\SYSTEM32\VERSION.dll
0x00007ffdad750000 - 0x00007ffdad782000 	C:\WINDOWS\System32\IMM32.DLL
0x00007ffd57ff0000 - 0x00007ffd5808b000 	C:\Program Files\Java\jdk-14.0.2\bin\msvcp140.dll
0x00007ffd25ed0000 - 0x00007ffd269ee000 	C:\Program Files\Java\jdk-14.0.2\bin\server\jvm.dll
0x00007ffdad5f0000 - 0x00007ffdad5f8000 	C:\WINDOWS\System32\PSAPI.DLL
0x00007ffda2ed0000 - 0x00007ffda2ed9000 	C:\WINDOWS\SYSTEM32\WSOCK32.dll
0x00007ffdaeec0000 - 0x00007ffdaef31000 	C:\WINDOWS\System32\WS2_32.dll
0x00007ffd96600000 - 0x00007ffd96634000 	C:\WINDOWS\SYSTEM32\WINMM.dll
0x00007ffdaba00000 - 0x00007ffdaba18000 	C:\WINDOWS\SYSTEM32\kernel.appcore.dll
0x00007ffd98f00000 - 0x00007ffd98f0a000 	C:\Program Files\Java\jdk-14.0.2\bin\jimage.dll
0x00007ffdaa290000 - 0x00007ffdaa4be000 	C:\WINDOWS\SYSTEM32\DBGHELP.DLL
0x00007ffdaf0e0000 - 0x00007ffdaf46a000 	C:\WINDOWS\System32\combase.dll
0x00007ffdad3f0000 - 0x00007ffdad4c7000 	C:\WINDOWS\System32\OLEAUT32.dll
0x00007ffda0cd0000 - 0x00007ffda0d02000 	C:\WINDOWS\SYSTEM32\dbgcore.DLL
0x00007ffdacb30000 - 0x00007ffdacbab000 	C:\WINDOWS\System32\bcryptPrimitives.dll
0x00007ffd98720000 - 0x00007ffd98745000 	C:\Program Files\Java\jdk-14.0.2\bin\java.dll
0x00007ffd98420000 - 0x00007ffd98436000 	C:\Program Files\Java\jdk-14.0.2\bin\zip.dll
0x00007ffdae620000 - 0x00007ffdaee0f000 	C:\WINDOWS\System32\SHELL32.dll
0x00007ffdaa8d0000 - 0x00007ffdab198000 	C:\WINDOWS\SYSTEM32\windows.storage.dll
0x00007ffdaa790000 - 0x00007ffdaa8ce000 	C:\WINDOWS\SYSTEM32\wintypes.dll
0x00007ffdadd90000 - 0x00007ffdade81000 	C:\WINDOWS\System32\SHCORE.dll
0x00007ffdad600000 - 0x00007ffdad65e000 	C:\WINDOWS\System32\shlwapi.dll
0x00007ffdac820000 - 0x00007ffdac841000 	C:\WINDOWS\SYSTEM32\profapi.dll
0x00007ffd96e90000 - 0x00007ffd96ea9000 	C:\Program Files\Java\jdk-14.0.2\bin\net.dll
0x00007ffda37a0000 - 0x00007ffda38cf000 	C:\WINDOWS\SYSTEM32\WINHTTP.dll
0x00007ffdabea0000 - 0x00007ffdabf09000 	C:\WINDOWS\system32\mswsock.dll
0x00007ffd96e30000 - 0x00007ffd96e42000 	C:\Program Files\Java\jdk-14.0.2\bin\nio.dll
0x0000014c7ff20000 - 0x0000014c7ff23000 	C:\Users\admin\Downloads\file_program_dowload\openjfx-19_windows-x64_bin-sdk\javafx-sdk-19\bin\api-ms-win-core-console-l1-1-0.dll
0x0000014c7ff30000 - 0x0000014c7ff33000 	C:\Users\admin\Downloads\file_program_dowload\openjfx-19_windows-x64_bin-sdk\javafx-sdk-19\bin\api-ms-win-core-console-l1-2-0.dll
0x0000014c7ff40000 - 0x0000014c7ff43000 	C:\Users\admin\Downloads\file_program_dowload\openjfx-19_windows-x64_bin-sdk\javafx-sdk-19\bin\api-ms-win-core-datetime-l1-1-0.dll
0x0000014c7ff50000 - 0x0000014c7ff53000 	C:\Users\admin\Downloads\file_program_dowload\openjfx-19_windows-x64_bin-sdk\javafx-sdk-19\bin\api-ms-win-core-debug-l1-1-0.dll
0x0000014c7ff60000 - 0x0000014c7ff63000 	C:\Users\admin\Downloads\file_program_dowload\openjfx-19_windows-x64_bin-sdk\javafx-sdk-19\bin\api-ms-win-core-errorhandling-l1-1-0.dll
0x0000014c7ff70000 - 0x0000014c7ff74000 	C:\Users\admin\Downloads\file_program_dowload\openjfx-19_windows-x64_bin-sdk\javafx-sdk-19\bin\api-ms-win-core-file-l1-1-0.dll
0x0000014c7ff80000 - 0x0000014c7ff83000 	C:\Users\admin\Downloads\file_program_dowload\openjfx-19_windows-x64_bin-sdk\javafx-sdk-19\bin\api-ms-win-core-file-l1-2-0.dll
0x0000014c7ff90000 - 0x0000014c7ff93000 	C:\Users\admin\Downloads\file_program_dowload\openjfx-19_windows-x64_bin-sdk\javafx-sdk-19\bin\api-ms-win-core-file-l2-1-0.dll
0x0000014c7ffa0000 - 0x0000014c7ffa3000 	C:\Users\admin\Downloads\file_program_dowload\openjfx-19_windows-x64_bin-sdk\javafx-sdk-19\bin\api-ms-win-core-handle-l1-1-0.dll
0x0000014c7ffb0000 - 0x0000014c7ffb3000 	C:\Users\admin\Downloads\file_program_dowload\openjfx-19_windows-x64_bin-sdk\javafx-sdk-19\bin\api-ms-win-core-heap-l1-1-0.dll
0x0000014c7ffc0000 - 0x0000014c7ffc3000 	C:\Users\admin\Downloads\file_program_dowload\openjfx-19_windows-x64_bin-sdk\javafx-sdk-19\bin\api-ms-win-core-interlocked-l1-1-0.dll
0x0000014c7ffd0000 - 0x0000014c7ffd3000 	C:\Users\admin\Downloads\file_program_dowload\openjfx-19_windows-x64_bin-sdk\javafx-sdk-19\bin\api-ms-win-core-libraryloader-l1-1-0.dll
0x0000014c7ffe0000 - 0x0000014c7ffe3000 	C:\Users\admin\Downloads\file_program_dowload\openjfx-19_windows-x64_bin-sdk\javafx-sdk-19\bin\api-ms-win-core-localization-l1-2-0.dll
0x0000014c7fff0000 - 0x0000014c7fff3000 	C:\Users\admin\Downloads\file_program_dowload\openjfx-19_windows-x64_bin-sdk\javafx-sdk-19\bin\api-ms-win-core-memory-l1-1-0.dll
0x0000014c03c60000 - 0x0000014c03c63000 	C:\Users\admin\Downloads\file_program_dowload\openjfx-19_windows-x64_bin-sdk\javafx-sdk-19\bin\api-ms-win-core-namedpipe-l1-1-0.dll
0x0000014c03c70000 - 0x0000014c03c73000 	C:\Users\admin\Downloads\file_program_dowload\openjfx-19_windows-x64_bin-sdk\javafx-sdk-19\bin\api-ms-win-core-processenvironment-l1-1-0.dll
0x0000014c03c80000 - 0x0000014c03c83000 	C:\Users\admin\Downloads\file_program_dowload\openjfx-19_windows-x64_bin-sdk\javafx-sdk-19\bin\api-ms-win-core-processthreads-l1-1-0.dll
0x0000014c03c90000 - 0x0000014c03c93000 	C:\Users\admin\Downloads\file_program_dowload\openjfx-19_windows-x64_bin-sdk\javafx-sdk-19\bin\api-ms-win-core-processthreads-l1-1-1.dll
0x0000014c03ca0000 - 0x0000014c03ca3000 	C:\Users\admin\Downloads\file_program_dowload\openjfx-19_windows-x64_bin-sdk\javafx-sdk-19\bin\api-ms-win-core-profile-l1-1-0.dll
0x0000014c03cb0000 - 0x0000014c03cb3000 	C:\Users\admin\Downloads\file_program_dowload\openjfx-19_windows-x64_bin-sdk\javafx-sdk-19\bin\api-ms-win-core-rtlsupport-l1-1-0.dll
0x0000014c03cc0000 - 0x0000014c03cc3000 	C:\Users\admin\Downloads\file_program_dowload\openjfx-19_windows-x64_bin-sdk\javafx-sdk-19\bin\api-ms-win-core-string-l1-1-0.dll
0x0000014c03cd0000 - 0x0000014c03cd3000 	C:\Users\admin\Downloads\file_program_dowload\openjfx-19_windows-x64_bin-sdk\javafx-sdk-19\bin\api-ms-win-core-synch-l1-1-0.dll
0x0000014c03ce0000 - 0x0000014c03ce3000 	C:\Users\admin\Downloads\file_program_dowload\openjfx-19_windows-x64_bin-sdk\javafx-sdk-19\bin\api-ms-win-core-synch-l1-2-0.dll
0x0000014c03cf0000 - 0x0000014c03cf3000 	C:\Users\admin\Downloads\file_program_dowload\openjfx-19_windows-x64_bin-sdk\javafx-sdk-19\bin\api-ms-win-core-sysinfo-l1-1-0.dll
0x0000014c03d00000 - 0x0000014c03d03000 	C:\Users\admin\Downloads\file_program_dowload\openjfx-19_windows-x64_bin-sdk\javafx-sdk-19\bin\api-ms-win-core-timezone-l1-1-0.dll
0x0000014c03d10000 - 0x0000014c03d13000 	C:\Users\admin\Downloads\file_program_dowload\openjfx-19_windows-x64_bin-sdk\javafx-sdk-19\bin\api-ms-win-core-util-l1-1-0.dll
0x0000014c03d20000 - 0x0000014c03d23000 	C:\Users\admin\Downloads\file_program_dowload\openjfx-19_windows-x64_bin-sdk\javafx-sdk-19\bin\api-ms-win-crt-conio-l1-1-0.dll
0x0000014c03d30000 - 0x0000014c03d34000 	C:\Users\admin\Downloads\file_program_dowload\openjfx-19_windows-x64_bin-sdk\javafx-sdk-19\bin\api-ms-win-crt-convert-l1-1-0.dll
0x0000014c03d40000 - 0x0000014c03d43000 	C:\Users\admin\Downloads\file_program_dowload\openjfx-19_windows-x64_bin-sdk\javafx-sdk-19\bin\api-ms-win-crt-environment-l1-1-0.dll
0x0000014c03d50000 - 0x0000014c03d53000 	C:\Users\admin\Downloads\file_program_dowload\openjfx-19_windows-x64_bin-sdk\javafx-sdk-19\bin\api-ms-win-crt-filesystem-l1-1-0.dll
0x0000014c03d60000 - 0x0000014c03d63000 	C:\Users\admin\Downloads\file_program_dowload\openjfx-19_windows-x64_bin-sdk\javafx-sdk-19\bin\api-ms-win-crt-heap-l1-1-0.dll
0x0000014c03d70000 - 0x0000014c03d73000 	C:\Users\admin\Downloads\file_program_dowload\openjfx-19_windows-x64_bin-sdk\javafx-sdk-19\bin\api-ms-win-crt-locale-l1-1-0.dll
0x0000014c03d80000 - 0x0000014c03d85000 	C:\Users\admin\Downloads\file_program_dowload\openjfx-19_windows-x64_bin-sdk\javafx-sdk-19\bin\api-ms-win-crt-math-l1-1-0.dll
0x0000014c03d90000 - 0x0000014c03d95000 	C:\Users\admin\Downloads\file_program_dowload\openjfx-19_windows-x64_bin-sdk\javafx-sdk-19\bin\api-ms-win-crt-multibyte-l1-1-0.dll
0x0000014c03da0000 - 0x0000014c03db0000 	C:\Users\admin\Downloads\file_program_dowload\openjfx-19_windows-x64_bin-sdk\javafx-sdk-19\bin\api-ms-win-crt-private-l1-1-0.dll
0x0000014c03db0000 - 0x0000014c03db3000 	C:\Users\admin\Downloads\file_program_dowload\openjfx-19_windows-x64_bin-sdk\javafx-sdk-19\bin\api-ms-win-crt-process-l1-1-0.dll
0x0000014c03dc0000 - 0x0000014c03dc4000 	C:\Users\admin\Downloads\file_program_dowload\openjfx-19_windows-x64_bin-sdk\javafx-sdk-19\bin\api-ms-win-crt-runtime-l1-1-0.dll
0x0000014c03dd0000 - 0x0000014c03dd4000 	C:\Users\admin\Downloads\file_program_dowload\openjfx-19_windows-x64_bin-sdk\javafx-sdk-19\bin\api-ms-win-crt-stdio-l1-1-0.dll
0x0000014c03de0000 - 0x0000014c03de4000 	C:\Users\admin\Downloads\file_program_dowload\openjfx-19_windows-x64_bin-sdk\javafx-sdk-19\bin\api-ms-win-crt-string-l1-1-0.dll
0x0000014c03df0000 - 0x0000014c03df3000 	C:\Users\admin\Downloads\file_program_dowload\openjfx-19_windows-x64_bin-sdk\javafx-sdk-19\bin\api-ms-win-crt-time-l1-1-0.dll
0x0000014c03e00000 - 0x0000014c03e03000 	C:\Users\admin\Downloads\file_program_dowload\openjfx-19_windows-x64_bin-sdk\javafx-sdk-19\bin\api-ms-win-crt-utility-l1-1-0.dll
0x00007ffd54760000 - 0x00007ffd5485c000 	C:\Users\admin\Downloads\file_program_dowload\openjfx-19_windows-x64_bin-sdk\javafx-sdk-19\bin\ucrtbase.dll
0x00007ffd98790000 - 0x00007ffd987ab000 	C:\Users\admin\Downloads\file_program_dowload\openjfx-19_windows-x64_bin-sdk\javafx-sdk-19\bin\vcruntime140.dll
0x00007ffd9abd0000 - 0x00007ffd9abdc000 	C:\Users\admin\Downloads\file_program_dowload\openjfx-19_windows-x64_bin-sdk\javafx-sdk-19\bin\vcruntime140_1.dll
0x00007ffd57f60000 - 0x00007ffd57fee000 	C:\Users\admin\Downloads\file_program_dowload\openjfx-19_windows-x64_bin-sdk\javafx-sdk-19\bin\msvcp140.dll
0x00007ffd99fe0000 - 0x00007ffd99fe9000 	C:\Users\admin\Downloads\file_program_dowload\openjfx-19_windows-x64_bin-sdk\javafx-sdk-19\bin\msvcp140_1.dll
0x00007ffd980a0000 - 0x00007ffd980d0000 	C:\Users\admin\Downloads\file_program_dowload\openjfx-19_windows-x64_bin-sdk\javafx-sdk-19\bin\msvcp140_2.dll
0x00007ffd96f50000 - 0x00007ffd96f7c000 	C:\Users\admin\Downloads\file_program_dowload\openjfx-19_windows-x64_bin-sdk\javafx-sdk-19\bin\prism_d3d.dll
0x00007ffd96060000 - 0x00007ffd96209000 	C:\WINDOWS\system32\d3d9.dll
0x00007ffda9ca0000 - 0x00007ffda9ccb000 	C:\WINDOWS\SYSTEM32\dwmapi.dll
0x00007ffda9d00000 - 0x00007ffda9d36000 	C:\WINDOWS\SYSTEM32\dxcore.dll
0x00007ffda9a10000 - 0x00007ffda9abb000 	C:\WINDOWS\system32\uxtheme.dll
0x00007ffd3b9a0000 - 0x00007ffd3bb04000 	C:\Windows\System32\DriverStore\FileRepository\iigd_dch.inf_amd64_2ce3ffa204f4b311\igdumdim64.dll
0x00007ffd306b0000 - 0x00007ffd3468a000 	C:\Windows\System32\DriverStore\FileRepository\iigd_dch.inf_amd64_2ce3ffa204f4b311\igd9dxva64.dll
0x00007ffdaef40000 - 0x00007ffdaf0dc000 	C:\WINDOWS\System32\ole32.dll
0x00007ffdac5e0000 - 0x00007ffdac62e000 	C:\WINDOWS\SYSTEM32\CFGMGR32.dll
0x00007ffd9dc10000 - 0x00007ffd9ddb4000 	C:\Windows\System32\DriverStore\FileRepository\iigd_dch.inf_amd64_2ce3ffa204f4b311\igdgmm64.dll
0x00007ffda2bf0000 - 0x00007ffda2c39000 	C:\WINDOWS\SYSTEM32\directxdatabasehelper.dll
0x00007ffd96d40000 - 0x00007ffd96d82000 	C:\Users\admin\Downloads\file_program_dowload\openjfx-19_windows-x64_bin-sdk\javafx-sdk-19\bin\glass.dll
0x00007ffdad2f0000 - 0x00007ffdad3e7000 	C:\WINDOWS\System32\COMDLG32.dll
0x0000000180000000 - 0x0000000180043000 	C:\Program Files\Fasoo DRM\f_nxa.dll
0x0000000061000000 - 0x00000000611ca000 	C:\Program Files\Fasoo DRM\f_sps.dll
0x00007ffda6820000 - 0x00007ffda6827000 	C:\WINDOWS\SYSTEM32\msimg32.dll
0x00007ffd81c40000 - 0x00007ffd81cda000 	C:\WINDOWS\SYSTEM32\winspool.drv
0x00007ffda6860000 - 0x00007ffda6874000 	C:\WINDOWS\SYSTEM32\wtsapi32.dll
0x00007ffdad4d0000 - 0x00007ffdad5ee000 	C:\WINDOWS\System32\MSCTF.dll
0x00007ffd5b450000 - 0x00007ffd5b476000 	C:\Windows\System32\DriverStore\FileRepository\iigd_dch.inf_amd64_2ce3ffa204f4b311\igdinfo64.dll
0x00007ffd9b6a0000 - 0x00007ffd9db3b000 	C:\Windows\System32\DriverStore\FileRepository\iigd_dch.inf_amd64_2ce3ffa204f4b311\igc64.dll
0x00007ffd96e70000 - 0x00007ffd96e84000 	C:\Users\admin\Downloads\file_program_dowload\openjfx-19_windows-x64_bin-sdk\javafx-sdk-19\bin\javafx_font.dll
0x00007ffda4550000 - 0x00007ffda47b7000 	C:\WINDOWS\SYSTEM32\dwrite.dll
0x00007ffdadf10000 - 0x00007ffdadfc0000 	C:\WINDOWS\System32\clbcatq.dll
0x00007ffda43a0000 - 0x00007ffda4550000 	C:\WINDOWS\SYSTEM32\WindowsCodecs.dll
0x00007ffd81cf0000 - 0x00007ffd81d4e000 	C:\WINDOWS\system32\dataexchange.dll
0x00007ffda07c0000 - 0x00007ffda0a2a000 	C:\WINDOWS\system32\twinapi.appcore.dll
0x00007ffd81620000 - 0x00007ffd81652000 	C:\Program Files\Common Files\Microsoft Shared\Ink\rtscom.dll
0x00007ffd6eb90000 - 0x00007ffd6ecbd000 	C:\WINDOWS\SYSTEM32\textinputframework.dll
0x00007ffda5740000 - 0x00007ffda5873000 	C:\WINDOWS\SYSTEM32\CoreMessaging.dll
0x00007ffda23a0000 - 0x00007ffda270c000 	C:\WINDOWS\SYSTEM32\CoreUIComponents.dll
0x00007ffdac110000 - 0x00007ffdac11c000 	C:\WINDOWS\SYSTEM32\CRYPTBASE.DLL
0x00007ffd5e6f0000 - 0x00007ffd5eb31000 	C:\WINDOWS\SYSTEM32\UIAutomationCore.DLL
0x00007ffd91cc0000 - 0x00007ffd91d63000 	C:\Windows\System32\OneCoreCommonProxyStub.dll
0x00007ffdab4d0000 - 0x00007ffdab5c3000 	C:\WINDOWS\SYSTEM32\DNSAPI.dll
0x00007ffdab460000 - 0x00007ffdab48d000 	C:\WINDOWS\SYSTEM32\IPHLPAPI.DLL
0x00007ffdadcd0000 - 0x00007ffdadcd9000 	C:\WINDOWS\System32\NSI.dll

dbghelp: loaded successfully - version: 4.0.5 - missing functions: none
symbol engine: initialized successfully - sym options: 0x614 - pdb path: .;C:\Program Files\Java\jdk-14.0.2\bin;C:\WINDOWS\SYSTEM32;C:\WINDOWS\WinSxS\amd64_microsoft.windows.common-controls_6595b64144ccf1df_6.0.22621.608_none_a9444ca7c10bb01d;C:\Program Files\Java\jdk-14.0.2\bin\server;C:\Users\admin\Downloads\file_program_dowload\openjfx-19_windows-x64_bin-sdk\javafx-sdk-19\bin;C:\Windows\System32\DriverStore\FileRepository\iigd_dch.inf_amd64_2ce3ffa204f4b311;C:\Program Files\Fasoo DRM;C:\Program Files\Common Files\Microsoft Shared\Ink

VM Arguments:
jvm_args: -Dfile.encoding=UTF-8 --module-path=C:\Users\admin\eclipse-workspace\.metadata\project\bin;C:\Users\admin\.p2\pool\plugins\org.eclipse.fx.ide.css.jfx8_3.8.0.202204150904.jar;C:\Users\admin\Downloads\file_program_dowload\openjfx-19_windows-x64_bin-sdk\javafx-sdk-19\lib\javafx.base.jar;C:\Users\admin\Downloads\file_program_dowload\openjfx-19_windows-x64_bin-sdk\javafx-sdk-19\lib\javafx.controls.jar;C:\Users\admin\Downloads\file_program_dowload\openjfx-19_windows-x64_bin-sdk\javafx-sdk-19\lib\javafx.fxml.jar;C:\Users\admin\Downloads\file_program_dowload\openjfx-19_windows-x64_bin-sdk\javafx-sdk-19\lib\javafx.graphics.jar;C:\Users\admin\Downloads\file_program_dowload\openjfx-19_windows-x64_bin-sdk\javafx-sdk-19\lib\javafx.media.jar;C:\Users\admin\Downloads\file_program_dowload\openjfx-19_windows-x64_bin-sdk\javafx-sdk-19\lib\javafx.swing.jar;C:\Users\admin\Downloads\file_program_dowload\openjfx-19_windows-x64_bin-sdk\javafx-sdk-19\lib\javafx.web.jar;C:\Users\admin\Downloads\file_program_dowload\openjfx-19_windows-x64_bin-sdk\javafx-sdk-19\lib\javafx-swt.jar -XX:+ShowCodeDetailsInExceptionMessages -Djdk.module.main=project 
java_command: project/application.Main
java_class_path (initial): C:\Users\admin\Downloads\file_program_dowload\sqljdbc4.jar
Launcher Type: SUN_STANDARD

[Global flags]
     intx CICompilerCount                          = 12                                        {product} {ergonomic}
     uint ConcGCThreads                            = 3                                         {product} {ergonomic}
     uint G1ConcRefinementThreads                  = 13                                        {product} {ergonomic}
   size_t G1HeapRegionSize                         = 1048576                                   {product} {ergonomic}
    uintx GCDrainStackTargetSize                   = 64                                        {product} {ergonomic}
   size_t InitialHeapSize                          = 132120576                                 {product} {ergonomic}
   size_t MarkStackSize                            = 4194304                                   {product} {ergonomic}
   size_t MaxHeapSize                              = 2092957696                                {product} {ergonomic}
   size_t MaxNewSize                               = 1255145472                                {product} {ergonomic}
   size_t MinHeapDeltaBytes                        = 1048576                                   {product} {ergonomic}
   size_t MinHeapSize                              = 8388608                                   {product} {ergonomic}
    uintx NonNMethodCodeHeapSize                   = 7602480                                {pd product} {ergonomic}
    uintx NonProfiledCodeHeapSize                  = 122027880                              {pd product} {ergonomic}
    uintx ProfiledCodeHeapSize                     = 122027880                              {pd product} {ergonomic}
    uintx ReservedCodeCacheSize                    = 251658240                              {pd product} {ergonomic}
     bool SegmentedCodeCache                       = true                                      {product} {ergonomic}
     bool ShowCodeDetailsInExceptionMessages       = true                                   {manageable} {command line}
   size_t SoftMaxHeapSize                          = 2092957696                             {manageable} {ergonomic}
     bool UseCompressedClassPointers               = true                                 {lp64_product} {ergonomic}
     bool UseCompressedOops                        = true                                 {lp64_product} {ergonomic}
     bool UseG1GC                                  = true                                      {product} {ergonomic}
     bool UseLargePagesIndividualAllocation        = false                                  {pd product} {ergonomic}

Logging:
Log output configuration:
 #0: stdout all=warning uptime,level,tags
 #1: stderr all=off uptime,level,tags

Environment Variables:
PATH=C:/Program Files/Java/jdk-14.0.2/bin/server;C:/Program Files/Java/jdk-14.0.2/bin;C:\Program Files (x86)\Common Files\Oracle\Java\javapath;C:\Program Files\Microsoft MPI\Bin\;C:\Program Files (x86)\mingw-w64\x86_64-8.1.0-release-posix-seh-rt_v6-rev0\mingw64\bin;C:\WINDOWS;C:\WINDOWS\System32\Wbem;C:\WINDOWS\System32\WindowsPowerShell\v1.0\;C:\WINDOWS\System32\OpenSSH\;C:\Program Files\dotnet\;C:\WINDOWS\system32;C:\Program Files\Git\cmd;C:\Program Files\Java\jdk-14.0.2\bin;C:\Program Files\Azure Data Studio\bin;C:\Program Files (x86)\Microsoft SQL Server\150\Tools\Binn\;C:\Program Files\Microsoft SQL Server\150\Tools\Binn\;C:\Program Files (x86)\Microsoft SQL Server\150\DTS\Binn\;C:\Program Files\Microsoft SQL Server\150\DTS\Binn\;C:\Program Files\Microsoft SQL Server\Client SDK\ODBC\170\Tools\Binn\;C:\Users\admin\AppData\Local\Microsoft\WindowsApps;C:\Users\admin\AppData\Local\Programs\Microsoft VS Code\bin;C:\Users\admin\AppData\Local\GitHubDesktop\bin;C:\Program Files\Azure Data Studio\bin;C:\Program Files\Azure Data Studio\bin;C:\Users\admin\OneDrive\Desktop;
USERNAME=admin
OS=Windows_NT
PROCESSOR_IDENTIFIER=Intel64 Family 6 Model 165 Stepping 2, GenuineIntel



---------------  S Y S T E M  ---------------

OS: Windows 10 , 64 bit Build 22621 (10.0.22621.1194)
OS uptime: 4 days 12:43 hours
HyperV virtualization detected

CPU:total 16 (initial active 16) (8 cores per cpu, 2 threads per core) family 6 model 165 stepping 2, cmov, cx8, fxsr, mmx, sse, sse2, sse3, ssse3, sse4.1, sse4.2, popcnt, avx, avx2, aes, clmul, erms, 3dnowpref, lzcnt, ht, tsc, tscinvbit, bmi1, bmi2, adx, fma

Memory: 4k page, system-wide physical 7977M (418M free)
TotalPageFile size 15145M (AvailPageFile size 6M)
current process WorkingSet (physical memory assigned to process): 383M, peak: 389M
current process commit charge ("private bytes"): 441M, peak: 442M

vm_info: Java HotSpot(TM) 64-Bit Server VM (14.0.2+12-46) for windows-amd64 JRE (14.0.2+12-46), built on Jul  9 2020 00:35:52 by "mach5one" with MS VC++ 15.9 (VS2017)

END.
